2023-07-26 16:30:05,100 [INFO] Activator:176 - 


2023-07-26 16:30:05,107 [INFO] Activator:177 - !SESSION log4j initialized
2023-07-26 16:30:14,291 [INFO] LogOutputStream:77 - [STDOUT_REDIRECT] 
2023-07-26 16:30:17,623 [INFO] ApplicationProperties:184 - Using Application install path: C:\ST\STM32CubeIDE_1.11.0\STM32CubeIDE\plugins\com.st.stm32cube.common.mx_6.9.0.202307051724
2023-07-26 16:30:17,646 [INFO] DbMcusXml:78 - Set database path to: C:\ST\STM32CubeIDE_1.11.0\STM32CubeIDE\plugins\com.st.stm32cube.common.mx_6.9.0.202307051724\\db\/mcu/
2023-07-26 16:30:17,646 [INFO] ApiDb:274 - Set plugin database path to: C:\ST\STM32CubeIDE_1.11.0\STM32CubeIDE\plugins\com.st.stm32cube.common.mx_6.9.0.202307051724\\db\/plugins/boardmanager/
2023-07-26 16:30:17,647 [WARN] ApiDb:259 - Overriding images path with different value:  => C:\ST\STM32CubeIDE_1.11.0\STM32CubeIDE\plugins\com.st.stm32cube.common.mx_6.9.0.202307051724\\db\/plugins/mcufinder/images/
2023-07-26 16:30:17,669 [INFO] ApiDb:250 - Set database path to: C:\Users\Ansel\.stmcufinder\plugins\mcufinder//mcu/
2023-07-26 16:30:17,671 [INFO] DbMcusAds:125 - Set database path to: C:\Users\Ansel\.stmcufinder\plugins\mcufinder//mcu/
2023-07-26 16:30:17,674 [INFO] CrossReferenceDbSqlite:203 - Set database path to: C:\Users\Ansel\.stmcufinder\plugins\mcufinder//mcu/cs/
2023-07-26 16:30:17,841 [INFO] RulesReader:64 - Compatibility file has been processed (293 Rules)
2023-07-26 16:30:17,958 [INFO] DbMcusXml:78 - Set database path to: C:\ST\STM32CubeIDE_1.11.0\STM32CubeIDE\plugins\com.st.stm32cube.common.mx_6.9.0.202307051724\\db\/mcu/
2023-07-26 16:30:17,959 [INFO] ApiDb:274 - Set plugin database path to: C:\ST\STM32CubeIDE_1.11.0\STM32CubeIDE\plugins\com.st.stm32cube.common.mx_6.9.0.202307051724\\db\/plugins/boardmanager/
2023-07-26 16:30:17,959 [INFO] ApiDb:261 - Set plugin images path to: C:\ST\STM32CubeIDE_1.11.0\STM32CubeIDE\plugins\com.st.stm32cube.common.mx_6.9.0.202307051724\\db\/plugins/mcufinder/images/
2023-07-26 16:30:17,959 [WARN] DbFile:41 - Overriding database path with different value: C:\Users\Ansel\.stmcufinder\plugins\mcufinder/ => C:\Users\Ansel\.stmcufinder\plugins\mcufinder
2023-07-26 16:30:17,959 [INFO] ApiDb:250 - Set database path to: C:\Users\Ansel\.stmcufinder\plugins\mcufinder//mcu/
2023-07-26 16:30:17,959 [WARN] DbFile:41 - Overriding database path with different value: C:\Users\Ansel\.stmcufinder\plugins\mcufinder/ => C:\Users\Ansel\.stmcufinder\plugins\mcufinder
2023-07-26 16:30:17,960 [INFO] DbMcusAds:125 - Set database path to: C:\Users\Ansel\.stmcufinder\plugins\mcufinder//mcu/
2023-07-26 16:30:17,960 [WARN] DbFile:41 - Overriding database path with different value: C:\Users\Ansel\.stmcufinder\plugins\mcufinder/ => C:\Users\Ansel\.stmcufinder\plugins\mcufinder
2023-07-26 16:30:17,960 [WARN] DbFile:41 - Overriding database path with different value: C:\Users\Ansel\.stmcufinder\plugins\mcufinder/ => C:\Users\Ansel\.stmcufinder\plugins\mcufinder
2023-07-26 16:30:17,960 [INFO] CrossReferenceDbSqlite:203 - Set database path to: C:\Users\Ansel\.stmcufinder\plugins\mcufinder//mcu/cs/
2023-07-26 16:30:18,064 [INFO] MainPanel:262 - HeapMemory: 268435456
2023-07-26 16:30:18,201 [INFO] DbMcusXml:78 - Set database path to: C:\ST\STM32CubeIDE_1.11.0\STM32CubeIDE\plugins\com.st.stm32cube.common.mx_6.9.0.202307051724\\db\/mcu/
2023-07-26 16:30:18,201 [INFO] ApiDb:274 - Set plugin database path to: C:\ST\STM32CubeIDE_1.11.0\STM32CubeIDE\plugins\com.st.stm32cube.common.mx_6.9.0.202307051724\\db\/plugins/boardmanager/
2023-07-26 16:30:18,201 [INFO] ApiDb:261 - Set plugin images path to: C:\ST\STM32CubeIDE_1.11.0\STM32CubeIDE\plugins\com.st.stm32cube.common.mx_6.9.0.202307051724\\db\/plugins/mcufinder/images/
2023-07-26 16:30:18,216 [WARN] DbFile:41 - Overriding database path with different value: C:\Users\Ansel\.stmcufinder\plugins\mcufinder/ => C:\Users\Ansel\.stmcufinder\plugins\mcufinder
2023-07-26 16:30:18,216 [INFO] ApiDb:250 - Set database path to: C:\Users\Ansel\.stmcufinder\plugins\mcufinder//mcu/
2023-07-26 16:30:18,216 [WARN] DbFile:41 - Overriding database path with different value: C:\Users\Ansel\.stmcufinder\plugins\mcufinder/ => C:\Users\Ansel\.stmcufinder\plugins\mcufinder
2023-07-26 16:30:18,216 [INFO] DbMcusAds:125 - Set database path to: C:\Users\Ansel\.stmcufinder\plugins\mcufinder//mcu/
2023-07-26 16:30:18,216 [WARN] DbFile:41 - Overriding database path with different value: C:\Users\Ansel\.stmcufinder\plugins\mcufinder/ => C:\Users\Ansel\.stmcufinder\plugins\mcufinder
2023-07-26 16:30:18,216 [WARN] DbFile:41 - Overriding database path with different value: C:\Users\Ansel\.stmcufinder\plugins\mcufinder/ => C:\Users\Ansel\.stmcufinder\plugins\mcufinder
2023-07-26 16:30:18,217 [INFO] CrossReferenceDbSqlite:203 - Set database path to: C:\Users\Ansel\.stmcufinder\plugins\mcufinder//mcu/cs/
2023-07-26 16:30:18,245 [INFO] ApplicationProperties:184 - Using Application install path: C:\ST\STM32CubeIDE_1.11.0\STM32CubeIDE\plugins\com.st.stm32cube.common.mx_6.9.0.202307051724
2023-07-26 16:30:18,247 [INFO] PluginManage:196 - Search for loadable plugins [exclusion list=, ]
2023-07-26 16:30:18,250 [INFO] PluginManage:310 - Check plugin analytics
2023-07-26 16:30:18,505 [INFO] AnalyticsPlugin:253 - Accepted Software Licenses: 
2023-07-26 16:30:18,506 [INFO] AnalyticsPlugin:255 - Accepted CMSIS Pack Licenses: 
2023-07-26 16:30:18,506 [INFO] AnalyticsPlugin:257 - Accepted Firmware Licenses: 
2023-07-26 16:30:18,510 [INFO] PluginManage:359 - Loaded plugin analytics (category:tool,tabindex:-1)
2023-07-26 16:30:18,510 [INFO] PluginManage:310 - Check plugin cadmodel
2023-07-26 16:30:21,209 [INFO] CADModel:105 - Init CAD model plugin
2023-07-26 16:30:21,209 [INFO] PluginManage:359 - Loaded plugin cadmodel (category:power,tabindex:5)
2023-07-26 16:30:21,209 [INFO] PluginManage:310 - Check plugin clock
2023-07-26 16:30:21,951 [INFO] PluginManage:359 - Loaded plugin clock (category:base,tabindex:2)
2023-07-26 16:30:21,951 [INFO] PluginManage:310 - Check plugin ddr
2023-07-26 16:30:21,953 [INFO] PluginManage:359 - Loaded plugin ddr (category:tool,tabindex:6)
2023-07-26 16:30:21,953 [INFO] PluginManage:310 - Check plugin filemanager
2023-07-26 16:30:22,101 [INFO] PluginManage:359 - Loaded plugin filemanager (category:base,tabindex:10)
2023-07-26 16:30:22,101 [INFO] PluginManage:310 - Check plugin ipmanager
2023-07-26 16:30:22,108 [INFO] PluginManage:359 - Loaded plugin ipmanager (category:base,tabindex:5)
2023-07-26 16:30:22,108 [INFO] PluginManage:310 - Check plugin lpbam
2023-07-26 16:30:22,286 [INFO] PluginManage:359 - Loaded plugin lpbam (category:base,tabindex:0)
2023-07-26 16:30:22,287 [INFO] PluginManage:310 - Check plugin memorymap
2023-07-26 16:30:22,427 [INFO] PluginManage:359 - Loaded plugin memorymap (category:base,tabindex:4)
2023-07-26 16:30:22,428 [INFO] PluginManage:310 - Check plugin pinoutandconfiguration
2023-07-26 16:30:22,817 [INFO] PluginManage:359 - Loaded plugin pinoutandconfiguration (category:base,tabindex:1)
2023-07-26 16:30:22,817 [INFO] PluginManage:310 - Check plugin pinoutconfig
2023-07-26 16:30:23,225 [WARN] SupportedApi:132 - Cannot load RTOS API schema: s4s-elt-must-match.1: The content of 'definitions' must match (annotation?, (simpleType | complexType)?, (unique | key | keyref)*)). A problem was found starting at: attribute.
2023-07-26 16:30:23,409 [INFO] PluginManage:359 - Loaded plugin pinoutconfig (category:base,tabindex:0)
2023-07-26 16:30:23,409 [INFO] PluginManage:310 - Check plugin power
2023-07-26 16:30:23,456 [INFO] PluginManage:359 - Loaded plugin power (category:power,tabindex:4)
2023-07-26 16:30:23,456 [INFO] PluginManage:310 - Check plugin projectmanager
2023-07-26 16:30:23,480 [INFO] PluginManage:359 - Loaded plugin projectmanager (category:projectmanager,tabindex:3)
2023-07-26 16:30:23,480 [INFO] PluginManage:310 - Check plugin thirdparty
2023-07-26 16:30:27,364 [INFO] PluginManage:359 - Loaded plugin thirdparty (category:base,tabindex:-1)
2023-07-26 16:30:27,364 [WARN] IntegrityCheckThread:84 - waiting for thirdparty lock release [integrity check]
2023-07-26 16:30:27,365 [INFO] PluginManage:310 - Check plugin tools
2023-07-26 16:30:27,365 [INFO] IntegrityCheckThread:86 - entering critical section [integrity check]
2023-07-26 16:30:27,367 [INFO] ThirdPartyUpdaterWithRetryManager:70 - Updater plugin not ready yet. [1/15]
2023-07-26 16:30:27,401 [INFO] PluginManage:359 - Loaded plugin tools (category:base,tabindex:7)
2023-07-26 16:30:27,401 [INFO] PluginManage:310 - Check plugin tutovideos
2023-07-26 16:30:27,704 [INFO] PluginManage:359 - Loaded plugin tutovideos (category:base,tabindex:-1)
2023-07-26 16:30:27,704 [INFO] PluginManage:310 - Check plugin updater
2023-07-26 16:30:27,716 [INFO] PluginManage:359 - Loaded plugin updater (category:base,tabindex:12)
2023-07-26 16:30:27,716 [INFO] PluginManage:310 - Check plugin userauth
2023-07-26 16:30:27,722 [INFO] UserAuth:113 - Init User Auth plugin
2023-07-26 16:30:27,722 [INFO] PluginManage:359 - Loaded plugin userauth (category:base,tabindex:14)
2023-07-26 16:30:27,722 [INFO] PluginManage:283 - PluginManage : Loaded plugins [17]
2023-07-26 16:30:27,977 [INFO] PinOutPanel:1499 - setPackage(No Configuration,No Configuration)
2023-07-26 16:30:28,109 [INFO] CADModel:165 - CPN selected for project level
2023-07-26 16:30:28,110 [INFO] CADModel:114 - Register for checkConnection events
2023-07-26 16:30:28,201 [INFO] IPUIPlugin:80 - create IPUIPlugin
2023-07-26 16:30:28,201 [INFO] PluginManager:220 - loadIPPluginJar : add adc
2023-07-26 16:30:28,225 [INFO] IPUIPlugin:80 - create IPUIPlugin
2023-07-26 16:30:28,225 [INFO] PluginManager:220 - loadIPPluginJar : add aes
2023-07-26 16:30:28,253 [INFO] IPUIPlugin:80 - create IPUIPlugin
2023-07-26 16:30:28,253 [INFO] PluginManager:220 - loadIPPluginJar : add can
2023-07-26 16:30:28,271 [INFO] IPUIPlugin:80 - create IPUIPlugin
2023-07-26 16:30:28,271 [INFO] PluginManager:220 - loadIPPluginJar : add comp
2023-07-26 16:30:28,294 [INFO] IPUIPlugin:80 - create IPUIPlugin
2023-07-26 16:30:28,294 [INFO] PluginManager:220 - loadIPPluginJar : add cryp
2023-07-26 16:30:28,324 [INFO] IPUIPlugin:80 - create IPUIPlugin
2023-07-26 16:30:28,324 [INFO] PluginManager:220 - loadIPPluginJar : add dfsdm
2023-07-26 16:30:28,387 [INFO] IPUIPlugin:80 - create IPUIPlugin
2023-07-26 16:30:28,388 [INFO] PluginManager:220 - loadIPPluginJar : add dma
2023-07-26 16:30:28,417 [INFO] IPUIPlugin:80 - create IPUIPlugin
2023-07-26 16:30:28,417 [INFO] PluginManager:220 - loadIPPluginJar : add dma3
2023-07-26 16:30:28,431 [INFO] IPUIPlugin:80 - create IPUIPlugin
2023-07-26 16:30:28,432 [INFO] PluginManager:220 - loadIPPluginJar : add fatfs
2023-07-26 16:30:28,459 [INFO] IPUIPlugin:80 - create IPUIPlugin
2023-07-26 16:30:28,459 [INFO] PluginManager:220 - loadIPPluginJar : add fmc
2023-07-26 16:30:28,769 [INFO] IPUIPlugin:80 - create IPUIPlugin
2023-07-26 16:30:28,769 [INFO] PluginManager:220 - loadIPPluginJar : add freertos
2023-07-26 16:30:28,782 [INFO] IPUIPlugin:80 - create IPUIPlugin
2023-07-26 16:30:28,782 [INFO] PluginManager:220 - loadIPPluginJar : add genericplugin
2023-07-26 16:30:28,826 [INFO] IPUIPlugin:80 - create IPUIPlugin
2023-07-26 16:30:28,826 [INFO] PluginManager:220 - loadIPPluginJar : add gfxmmu
2023-07-26 16:30:28,890 [INFO] IPUIPlugin:80 - create IPUIPlugin
2023-07-26 16:30:28,891 [INFO] PluginManager:220 - loadIPPluginJar : add gic
2023-07-26 16:30:29,018 [INFO] IPUIPlugin:80 - create IPUIPlugin
2023-07-26 16:30:29,018 [INFO] PluginManager:220 - loadIPPluginJar : add gpio
2023-07-26 16:30:29,058 [INFO] IPUIPlugin:80 - create IPUIPlugin
2023-07-26 16:30:29,058 [INFO] PluginManager:220 - loadIPPluginJar : add gtzc
2023-07-26 16:30:29,076 [INFO] IPUIPlugin:80 - create IPUIPlugin
2023-07-26 16:30:29,076 [INFO] PluginManager:220 - loadIPPluginJar : add hash
2023-07-26 16:30:29,103 [INFO] IPUIPlugin:80 - create IPUIPlugin
2023-07-26 16:30:29,103 [INFO] PluginManager:220 - loadIPPluginJar : add i2c
2023-07-26 16:30:29,123 [INFO] IPUIPlugin:80 - create IPUIPlugin
2023-07-26 16:30:29,123 [INFO] PluginManager:220 - loadIPPluginJar : add i2s
2023-07-26 16:30:29,145 [INFO] IPUIPlugin:80 - create IPUIPlugin
2023-07-26 16:30:29,145 [INFO] PluginManager:220 - loadIPPluginJar : add i3c
2023-07-26 16:30:29,181 [INFO] IPUIPlugin:80 - create IPUIPlugin
2023-07-26 16:30:29,181 [INFO] PluginManager:220 - loadIPPluginJar : add ipddr
2023-07-26 16:30:29,227 [INFO] IPUIPlugin:80 - create IPUIPlugin
2023-07-26 16:30:29,228 [INFO] PluginManager:220 - loadIPPluginJar : add linkedlist
2023-07-26 16:30:29,248 [INFO] IPUIPlugin:80 - create IPUIPlugin
2023-07-26 16:30:29,248 [INFO] PluginManager:220 - loadIPPluginJar : add lorawan
2023-07-26 16:30:29,267 [INFO] IPUIPlugin:80 - create IPUIPlugin
2023-07-26 16:30:29,267 [INFO] PluginManager:220 - loadIPPluginJar : add ltdc
2023-07-26 16:30:29,384 [INFO] IPUIPlugin:80 - create IPUIPlugin
2023-07-26 16:30:29,384 [INFO] PluginManager:220 - loadIPPluginJar : add mdma
2023-07-26 16:30:29,510 [INFO] IPUIPlugin:80 - create IPUIPlugin
2023-07-26 16:30:29,510 [INFO] PluginManager:220 - loadIPPluginJar : add nvic
2023-07-26 16:30:29,529 [INFO] IPUIPlugin:80 - create IPUIPlugin
2023-07-26 16:30:29,530 [INFO] PluginManager:220 - loadIPPluginJar : add opamp
2023-07-26 16:30:29,573 [INFO] IPUIPlugin:80 - create IPUIPlugin
2023-07-26 16:30:29,574 [INFO] PluginManager:220 - loadIPPluginJar : add openamp
2023-07-26 16:30:29,608 [INFO] IPUIPlugin:80 - create IPUIPlugin
2023-07-26 16:30:29,608 [INFO] PluginManager:220 - loadIPPluginJar : add pdm2pcm
2023-07-26 16:30:29,722 [INFO] IPUIPlugin:80 - create IPUIPlugin
2023-07-26 16:30:29,724 [INFO] PluginManager:220 - loadIPPluginJar : add plateformsettings
2023-07-26 16:30:29,738 [INFO] IPUIPlugin:80 - create IPUIPlugin
2023-07-26 16:30:29,738 [INFO] PluginManager:220 - loadIPPluginJar : add quadspi
2023-07-26 16:30:30,229 [INFO] IPUIPlugin:80 - create IPUIPlugin
2023-07-26 16:30:30,229 [INFO] PluginManager:220 - loadIPPluginJar : add resmgrutility
2023-07-26 16:30:30,257 [INFO] IPUIPlugin:80 - create IPUIPlugin
2023-07-26 16:30:30,257 [INFO] PluginManager:220 - loadIPPluginJar : add sai
2023-07-26 16:30:30,283 [INFO] IPUIPlugin:80 - create IPUIPlugin
2023-07-26 16:30:30,284 [INFO] PluginManager:220 - loadIPPluginJar : add spi
2023-07-26 16:30:30,318 [INFO] IPUIPlugin:80 - create IPUIPlugin
2023-07-26 16:30:30,318 [INFO] PluginManager:220 - loadIPPluginJar : add stm32_wpan
2023-07-26 16:30:30,334 [INFO] IPUIPlugin:80 - create IPUIPlugin
2023-07-26 16:30:30,334 [INFO] PluginManager:220 - loadIPPluginJar : add tim
2023-07-26 16:30:30,368 [INFO] IPUIPlugin:80 - create IPUIPlugin
2023-07-26 16:30:30,368 [INFO] PluginManager:220 - loadIPPluginJar : add touchsensing
2023-07-26 16:30:30,380 [INFO] ThirdPartyUpdaterWithRetryManager:70 - Updater plugin not ready yet. [2/15]
2023-07-26 16:30:30,384 [INFO] IPUIPlugin:80 - create IPUIPlugin
2023-07-26 16:30:30,385 [INFO] PluginManager:220 - loadIPPluginJar : add tracer_emb
2023-07-26 16:30:30,401 [INFO] IPUIPlugin:80 - create IPUIPlugin
2023-07-26 16:30:30,401 [INFO] PluginManager:220 - loadIPPluginJar : add ts
2023-07-26 16:30:30,417 [INFO] IPUIPlugin:80 - create IPUIPlugin
2023-07-26 16:30:30,417 [INFO] PluginManager:220 - loadIPPluginJar : add tsc
2023-07-26 16:30:30,433 [INFO] IPUIPlugin:80 - create IPUIPlugin
2023-07-26 16:30:30,434 [INFO] PluginManager:220 - loadIPPluginJar : add ucpd
2023-07-26 16:30:30,464 [INFO] IPUIPlugin:80 - create IPUIPlugin
2023-07-26 16:30:30,465 [INFO] PluginManager:220 - loadIPPluginJar : add usart
2023-07-26 16:30:30,490 [INFO] IPUIPlugin:80 - create IPUIPlugin
2023-07-26 16:30:30,490 [INFO] PluginManager:220 - loadIPPluginJar : add usbx
2023-07-26 16:30:30,633 [INFO] CADModel:165 - CPN selected for project level
2023-07-26 16:30:30,634 [INFO] CADModel:114 - Register for checkConnection events
2023-07-26 16:30:30,634 [FATAL] Updater:308 - Updater called before beeing initialized
2023-07-26 16:30:30,634 [ERROR] CADModel:125 - Updater not yet initialized, retry later 
2023-07-26 16:30:30,815 [INFO] CADModel:165 - CPN selected for project level
2023-07-26 16:30:30,815 [INFO] CADModel:114 - Register for checkConnection events
2023-07-26 16:30:30,815 [FATAL] Updater:308 - Updater called before beeing initialized
2023-07-26 16:30:30,815 [ERROR] CADModel:125 - Updater not yet initialized, retry later 
2023-07-26 16:30:30,818 [FATAL] Updater:308 - Updater called before beeing initialized
2023-07-26 16:30:30,964 [FATAL] Updater:308 - Updater called before beeing initialized
2023-07-26 16:30:30,980 [INFO] DbMcusAds:53 - JSON generation date=Tue Mar 07 09:50:55 CET 2023 (1678179055114)
2023-07-26 16:30:30,980 [FATAL] Updater:308 - Updater called before beeing initialized
2023-07-26 16:30:31,068 [WARN] DetailPanel:346 - Failed to get advertising image, set to default
2023-07-26 16:30:31,219 [FATAL] Updater:308 - Updater called before beeing initialized
2023-07-26 16:30:31,221 [FATAL] Updater:308 - Updater called before beeing initialized
2023-07-26 16:30:31,221 [FATAL] Updater:308 - Updater called before beeing initialized
2023-07-26 16:30:31,221 [WARN] DetailPanel:346 - Failed to get advertising image, set to default
2023-07-26 16:30:31,223 [FATAL] Updater:308 - Updater called before beeing initialized
2023-07-26 16:30:31,304 [ERROR] Updater:1120 - MainUpdater not yet initialized. External WinMGr cannot be set.
2023-07-26 16:30:31,314 [INFO] Updater:1056 - Updater Version found : 6.9.0
2023-07-26 16:30:31,341 [INFO] ApplicationProperties:184 - Using Application install path: C:\ST\STM32CubeIDE_1.11.0\STM32CubeIDE\plugins\com.st.stm32cube.common.mx_6.9.0.202307051724
2023-07-26 16:30:31,800 [INFO] MainUpdater:2868 - connection check result : 10
2023-07-26 16:30:31,801 [INFO] MainUpdater:3562 - Updater definition file requires update
2023-07-26 16:30:31,802 [INFO] MainUpdater:285 - Updater Check For Update Now.
2023-07-26 16:30:31,803 [INFO] MicroXplorer:498 - Change Database Version : DB.6.0.90
2023-07-26 16:30:31,815 [INFO] McuFinderGlobals:63 - Set McuFinder mode to 2 (CubeIDE integrated)
2023-07-26 16:30:31,815 [INFO] UserAuth:179 - activating auth plugin
2023-07-26 16:30:31,818 [INFO] UserAuth:393 - Internet connection configuration mode: 1
2023-07-26 16:30:31,838 [INFO] JxBrowserEngine:151 - Initiate JxBrowser Engine with user profile folder
2023-07-26 16:30:31,858 [INFO] ServerAccessManage:473 - Download File updaters.zip
2023-07-26 16:30:31,959 [INFO] FileExtend:240 - Unzip File : updaters.zip
2023-07-26 16:30:31,960 [INFO] FileExtend:255 - Standard Zip Deflate
2023-07-26 16:30:32,417 [INFO] ServerAccessManage:473 - Download File PacksControlFlags.xml
2023-07-26 16:30:32,530 [INFO] ServerAccessManage:473 - Download File cubemx.pidx
2023-07-26 16:30:32,951 [INFO] ServerAccessManage:473 - Download File STMicroelectronics.FP-SNS-FLIGHT1.pdsc
2023-07-26 16:30:33,393 [WARN] MainUpdater:1189 - Updater busy. Cannot search thirdparties
2023-07-26 16:30:33,393 [INFO] ThirdPartyUpdaterWithRetryManager:96 - Updater plugin is busy. [1/15]
2023-07-26 16:30:34,362 [INFO] ServerAccessManage:473 - Download File STMicroelectronics.X-CUBE-TOF1.pdsc
2023-07-26 16:30:34,402 [INFO] WebApp:157 - Instantiating new browser for Auth
2023-07-26 16:30:34,882 [ERROR] ServerAccessManage:1089 - Problem, file not found on Server
2023-07-26 16:30:35,697 [INFO] WebApp:753 - Register for checkConnection events
2023-07-26 16:30:35,697 [INFO] WebApp:390 - Apply proxy settings
2023-07-26 16:30:35,699 [INFO] WebApp:475 - Chromium requires no authentication
2023-07-26 16:30:35,729 [INFO] WebApp:418 - Direct internet connection detected
2023-07-26 16:30:35,795 [WARN] PackLoader:240 - Cannot read IP mode file for STMicroelectronics.FP-SNS-FLIGHT1.5.0.2
2023-07-26 16:30:35,858 [WARN] PackLoader:240 - Cannot read IP mode file for STMicroelectronics.X-CUBE-TOF1.3.3.1
2023-07-26 16:30:35,919 [INFO] PopulateThirdPartyThread:66 - Ending populate Thread
2023-07-26 16:30:35,929 [INFO] ThirdParty:1030 - CMSIS Pack Vendor :STMicroelectronics FP-SNS-FLIGHT1 5.0.2
2023-07-26 16:30:35,929 [INFO] ThirdParty:1030 - CMSIS Pack Vendor :STMicroelectronics X-CUBE-TOF1 3.3.1
2023-07-26 16:30:35,930 [INFO] LoadServerUpdatesThread:373 - End of LoadServerUpdate Thread
2023-07-26 16:30:36,112 [INFO] CheckServerUpdateThread:120 - End of CheckServer Thread
2023-07-26 16:30:36,294 [INFO] WebApp:188 - Starting web application
2023-07-26 16:30:36,294 [INFO] WebApp:520 - Web application path used C:\ST\STM32CubeIDE_1.11.0\STM32CubeIDE\plugins\com.st.stm32cube.common.mx_6.9.0.202307051724\db\plugins\mcufinder\reactClient1\index.html
2023-07-26 16:30:36,869 [WARN] PackLoader:240 - Cannot read IP mode file for STMicroelectronics.X-CUBE-SMBUS.2.1.0
2023-07-26 16:30:36,960 [WARN] PackLoader:240 - Cannot read IP mode file for STMicroelectronics.X-CUBE-AZRTOS-F7.1.1.0
2023-07-26 16:30:37,055 [WARN] PackLoader:240 - Cannot read IP mode file for STMicroelectronics.FP-SNS-MOTENV1.4.3.2
2023-07-26 16:30:37,071 [WARN] PackLoader:240 - Cannot read IP mode file for STMicroelectronics.FP-SNS-FLIGHT1.5.0.1
2023-07-26 16:30:37,095 [WARN] PackLoader:240 - Cannot read IP mode file for STMicroelectronics.X-CUBE-BLE1.6.2.4
2023-07-26 16:30:37,106 [WARN] PackLoader:240 - Cannot read IP mode file for STMicroelectronics.FP-SNS-FLIGHT1.5.0.2
2023-07-26 16:30:37,132 [WARN] PackLoader:240 - Cannot read IP mode file for STMicroelectronics.X-CUBE-DISPLAY.3.0.0
2023-07-26 16:30:37,171 [WARN] PackLoader:240 - Cannot read IP mode file for STMicroelectronics.X-CUBE-TOUCHGFX.4.22.0
2023-07-26 16:30:37,194 [INFO] LogOutputStream:77 - [STDOUT_REDIRECT] 1 : Invalid condition id : UX_CORESTACK_Condition cause : null
2023-07-26 16:30:37,195 [INFO] LogOutputStream:77 - [STDOUT_REDIRECT] 1 : Invalid condition id : UX_CORESTACK_Condition cause : null
2023-07-26 16:30:37,199 [INFO] LogOutputStream:77 - [STDOUT_REDIRECT] 1 : Invalid condition id : UX_CORESTACK_Condition cause : null
2023-07-26 16:30:37,202 [INFO] LogOutputStream:77 - [STDOUT_REDIRECT] 1 : Invalid condition id : UX_CORESTACK_Condition cause : null
2023-07-26 16:30:37,205 [INFO] LogOutputStream:77 - [STDOUT_REDIRECT] 1 : Invalid condition id : UX_CORESTACK_Condition cause : null
2023-07-26 16:30:37,211 [WARN] PackLoader:240 - Cannot read IP mode file for STMicroelectronics.X-CUBE-AZRTOS-WL.2.0.0
2023-07-26 16:30:37,231 [WARN] PackLoader:240 - Cannot read IP mode file for WES.I-CUBE-Cesium.1.3.0
2023-07-26 16:30:37,244 [WARN] PackLoader:240 - Cannot read IP mode file for STMicroelectronics.X-CUBE-BLE2.3.3.0
2023-07-26 16:30:37,257 [WARN] PackLoader:240 - Cannot read IP mode file for STMicroelectronics.X-CUBE-DISPLAY.2.2.0
2023-07-26 16:30:37,290 [WARN] PackLoader:240 - Cannot read IP mode file for STMicroelectronics.X-CUBE-TOF1.3.2.0
2023-07-26 16:30:37,314 [WARN] PackLoader:240 - Cannot read IP mode file for STMicroelectronics.X-CUBE-TOUCHGFX.4.21.0
2023-07-26 16:30:37,322 [WARN] PackLoader:240 - Cannot read IP mode file for STMicroelectronics.X-CUBE-TOUCHGFX.4.21.3
2023-07-26 16:30:37,446 [WARN] PackLoader:240 - Cannot read IP mode file for STMicroelectronics.X-CUBE-MEMS1.9.4.0
2023-07-26 16:30:37,822 [WARN] PackLoader:240 - Cannot read IP mode file for STMicroelectronics.X-CUBE-AI.7.3.0
2023-07-26 16:30:37,840 [WARN] PackLoader:240 - Cannot read IP mode file for STMicroelectronics.X-CUBE-ALGOBUILD.1.3.0
2023-07-26 16:30:37,888 [WARN] PackLoader:240 - Cannot read IP mode file for STMicroelectronics.X-CUBE-AZRTOS-G0.1.1.0
2023-07-26 16:30:37,935 [WARN] PackLoader:240 - Cannot read IP mode file for STMicroelectronics.X-CUBE-NFC4.3.0.0
2023-07-26 16:30:37,963 [WARN] PackLoader:240 - Cannot read IP mode file for STMicroelectronics.X-CUBE-BLEMGR.1.3.0
2023-07-26 16:30:37,984 [WARN] PackLoader:240 - Cannot read IP mode file for STMicroelectronics.FP-ATR-SIGFOX1.3.2.0
2023-07-26 16:30:38,068 [WARN] PackLoader:240 - Cannot read IP mode file for SEGGER.I-CUBE-embOS.1.3.1
2023-07-26 16:30:38,216 [WARN] PackLoader:240 - Cannot read IP mode file for SEGGER.I-CUBE-embOS.1.3.0
2023-07-26 16:30:38,288 [WARN] PackLoader:240 - Cannot read IP mode file for STMicroelectronics.X-CUBE-GNSS1.6.0.0
2023-07-26 16:30:38,324 [WARN] PackLoader:240 - Cannot read IP mode file for STMicroelectronics.X-CUBE-AZRTOS-F4.1.1.0
2023-07-26 16:30:38,403 [WARN] PackLoader:240 - Cannot read IP mode file for STMicroelectronics.X-CUBE-MEMS1.9.6.0
2023-07-26 16:30:38,714 [WARN] PackLoader:240 - Cannot read IP mode file for emotas.I-CUBE-CANOPEN.1.1.3
2023-07-26 16:30:38,730 [WARN] PackLoader:240 - Cannot read IP mode file for STMicroelectronics.X-CUBE-BLEMGR.2.0.0
2023-07-26 16:30:38,744 [WARN] PackLoader:240 - Cannot read IP mode file for STMicroelectronics.X-CUBE-NFC4.2.0.5
2023-07-26 16:30:38,784 [WARN] ConditionMgr:438 - getConditionDescription Invalid condition id : UX DEVICE CLASS RTOS Condition cause : null
2023-07-26 16:30:38,785 [WARN] ConditionMgr:438 - getConditionDescription Invalid condition id : UX DEVICE CLASS RTOS Condition cause : null
2023-07-26 16:30:38,791 [WARN] PackLoader:240 - Cannot read IP mode file for STMicroelectronics.X-CUBE-AZRTOS-H7.3.1.0
2023-07-26 16:30:38,793 [WARN] ConditionMgr:1039 - genDependencies : Invalid condition id : UX DEVICE CLASS RTOS Condition cause : null
2023-07-26 16:30:38,793 [WARN] ConditionMgr:1039 - genDependencies : Invalid condition id : UX DEVICE CLASS RTOS Condition cause : null
2023-07-26 16:30:38,794 [WARN] ConditionMgr:1039 - genDependencies : Invalid condition id : UX DEVICE CLASS RTOS Condition cause : null
2023-07-26 16:30:38,795 [WARN] ConditionMgr:1039 - genDependencies : Invalid condition id : UX DEVICE CLASS RTOS Condition cause : null
2023-07-26 16:30:38,796 [WARN] ConditionMgr:1039 - genDependencies : Invalid condition id : UX DEVICE CLASS RTOS Condition cause : null
2023-07-26 16:30:38,810 [WARN] PackLoader:240 - Cannot read IP mode file for wolfSSL.I-CUBE-wolfSSL.5.5.4
2023-07-26 16:30:38,820 [WARN] PackLoader:240 - Cannot read IP mode file for STMicroelectronics.X-CUBE-NFC7.1.0.1
2023-07-26 16:30:38,831 [WARN] PackLoader:240 - Cannot read IP mode file for STMicroelectronics.X-CUBE-NFC7.1.0.0
2023-07-26 16:30:38,844 [WARN] PackLoader:240 - Cannot read IP mode file for STMicroelectronics.X-CUBE-EEPRMA1.4.1.0
2023-07-26 16:30:38,880 [WARN] ConditionMgr:438 - getConditionDescription Invalid condition id : LAN8742 Phy interface Condition cause : null
2023-07-26 16:30:38,881 [WARN] PackLoader:240 - Cannot read IP mode file for STMicroelectronics.X-CUBE-AZRTOS-L4.2.0.0
2023-07-26 16:30:38,883 [WARN] ConditionMgr:1039 - genDependencies : Invalid condition id : LAN8742 Phy interface Condition cause : null
2023-07-26 16:30:38,884 [WARN] ConditionMgr:1039 - genDependencies : Invalid condition id : LAN8742 Phy interface Condition cause : null
2023-07-26 16:30:38,885 [WARN] ConditionMgr:1039 - genDependencies : Invalid condition id : LAN8742 Phy interface Condition cause : null
2023-07-26 16:30:38,901 [WARN] PackLoader:240 - Cannot read IP mode file for STMicroelectronics.X-CUBE-SFXS2LP1.4.0.0
2023-07-26 16:30:38,940 [WARN] PackLoader:240 - Cannot read IP mode file for STMicroelectronics.X-CUBE-AZRTOS-H7.3.0.0
2023-07-26 16:30:38,956 [WARN] PackLoader:240 - Cannot read IP mode file for STMicroelectronics.X-CUBE-ISPU.1.1.0
2023-07-26 16:30:38,975 [WARN] PackLoader:240 - Cannot read IP mode file for RoweBots.I-CUBE-UNISONRTOS.5.5.0-4
2023-07-26 16:30:38,985 [WARN] PackLoader:240 - Cannot read IP mode file for STMicroelectronics.X-CUBE-AI.8.0.0
2023-07-26 16:30:38,998 [WARN] PackLoader:240 - Cannot read IP mode file for STMicroelectronics.X-CUBE-FREERTOS.1.0.1
2023-07-26 16:30:39,032 [WARN] PackLoader:240 - Cannot read IP mode file for STMicroelectronics.X-CUBE-AZRTOS-L5.1.1.0
2023-07-26 16:30:39,046 [WARN] PackLoader:240 - Cannot read IP mode file for STMicroelectronics.X-CUBE-AI.8.0.1
2023-07-26 16:30:39,086 [WARN] PackLoader:240 - Cannot read IP mode file for STMicroelectronics.X-CUBE-SUBG2.5.0.0
2023-07-26 16:30:39,110 [WARN] PackLoader:240 - Cannot read IP mode file for STMicroelectronics.X-CUBE-TOF1.3.3.1
2023-07-26 16:30:39,158 [WARN] PackLoader:240 - Cannot read IP mode file for STMicroelectronics.X-CUBE-AZRTOS-G4.2.0.0
2023-07-26 16:30:39,182 [WARN] PackLoader:240 - Cannot read IP mode file for STMicroelectronics.X-CUBE-TOF1.3.3.0
2023-07-26 16:30:39,208 [WARN] PackLoader:240 - Cannot read IP mode file for STMicroelectronics.FP-ATR-ASTRA1.1.1.1
2023-07-26 16:30:39,233 [WARN] PackLoader:240 - Cannot read IP mode file for STMicroelectronics.X-CUBE-AZRTOS-G4.1.0.0
2023-07-26 16:30:39,264 [WARN] PackLoader:240 - Cannot read IP mode file for STMicroelectronics.X-CUBE-AZRTOS-L4.1.0.0
2023-07-26 16:30:39,288 [WARN] PackLoader:240 - Cannot read IP mode file for STMicroelectronics.X-CUBE-AZRTOS-WL.1.0.0
2023-07-26 16:30:39,300 [WARN] PackLoader:240 - Cannot read IP mode file for portGmbH.I-Cube-SoM-uGOAL.1.1.0
2023-07-26 16:30:39,311 [WARN] PackLoader:240 - Cannot read IP mode file for STMicroelectronics.X-CUBE-ALS.1.0.1
2023-07-26 16:30:39,336 [WARN] PackLoader:240 - Cannot read IP mode file for STMicroelectronics.X-CUBE-AZRTOS-WB.1.1.0
2023-07-26 16:30:39,345 [WARN] PackLoader:240 - Cannot read IP mode file for STMicroelectronics.FP-ATR-ASTRA1.2.0.0
2023-07-26 16:30:39,346 [INFO] ThirdParty:978 - Integrity check success = true
2023-07-26 16:30:39,346 [INFO] IntegrityCheckThread:100 - exiting critical section [integrity check]
2023-07-26 16:30:39,346 [INFO] IntegrityCheckThread:103 - End integrity checks thread
2023-07-26 16:30:57,786 [ERROR] LogOutputStream:75 - [STDERR_REDIRECT] SLF4J: Failed to load class "org.slf4j.impl.StaticLoggerBinder".
2023-07-26 16:30:57,787 [ERROR] LogOutputStream:75 - [STDERR_REDIRECT] SLF4J: Defaulting to no-operation (NOP) logger implementation
2023-07-26 16:30:57,789 [ERROR] LogOutputStream:75 - [STDERR_REDIRECT] SLF4J: See http://www.slf4j.org/codes.html#StaticLoggerBinder for further details.
