2023-05-07 12:15:38,384 [INFO] Activator:176 - 


2023-05-07 12:15:38,384 [INFO] Activator:177 - !SESSION log4j initialized
2023-05-07 12:15:46,224 [INFO] LogOutputStream:77 - [STDOUT_REDIRECT] 
2023-05-07 12:15:59,249 [INFO] ApplicationProperties:184 - Using Application install path: C:\ST\STM32CubeIDE_1.11.0\STM32CubeIDE\plugins\com.st.stm32cube.common.mx_6.8.1.202304191431
2023-05-07 12:15:59,280 [INFO] DbMcusXml:78 - Set database path to: C:\ST\STM32CubeIDE_1.11.0\STM32CubeIDE\plugins\com.st.stm32cube.common.mx_6.8.1.202304191431\\db\/mcu/
2023-05-07 12:15:59,280 [INFO] ApiDb:274 - Set plugin database path to: C:\ST\STM32CubeIDE_1.11.0\STM32CubeIDE\plugins\com.st.stm32cube.common.mx_6.8.1.202304191431\\db\/plugins/boardmanager/
2023-05-07 12:15:59,280 [WARN] ApiDb:259 - Overriding images path with different value:  => C:\ST\STM32CubeIDE_1.11.0\STM32CubeIDE\plugins\com.st.stm32cube.common.mx_6.8.1.202304191431\\db\/plugins/mcufinder/images/
2023-05-07 12:16:00,765 [INFO] ApiDb:250 - Set database path to: C:\Users\Ansel\.stmcufinder\plugins\mcufinder//mcu/
2023-05-07 12:16:00,765 [INFO] DbMcusAds:125 - Set database path to: C:\Users\Ansel\.stmcufinder\plugins\mcufinder//mcu/
2023-05-07 12:16:00,812 [INFO] CrossReferenceDbSqlite:203 - Set database path to: C:\Users\Ansel\.stmcufinder\plugins\mcufinder//mcu/cs/
2023-05-07 12:16:00,970 [INFO] RulesReader:64 - Compatibility file has been processed (293 Rules)
2023-05-07 12:16:01,065 [INFO] DbMcusXml:78 - Set database path to: C:\ST\STM32CubeIDE_1.11.0\STM32CubeIDE\plugins\com.st.stm32cube.common.mx_6.8.1.202304191431\\db\/mcu/
2023-05-07 12:16:01,065 [INFO] ApiDb:274 - Set plugin database path to: C:\ST\STM32CubeIDE_1.11.0\STM32CubeIDE\plugins\com.st.stm32cube.common.mx_6.8.1.202304191431\\db\/plugins/boardmanager/
2023-05-07 12:16:01,065 [INFO] ApiDb:261 - Set plugin images path to: C:\ST\STM32CubeIDE_1.11.0\STM32CubeIDE\plugins\com.st.stm32cube.common.mx_6.8.1.202304191431\\db\/plugins/mcufinder/images/
2023-05-07 12:16:01,065 [WARN] DbFile:41 - Overriding database path with different value: C:\Users\Ansel\.stmcufinder\plugins\mcufinder/ => C:\Users\Ansel\.stmcufinder\plugins\mcufinder
2023-05-07 12:16:01,065 [INFO] ApiDb:250 - Set database path to: C:\Users\Ansel\.stmcufinder\plugins\mcufinder//mcu/
2023-05-07 12:16:01,065 [WARN] DbFile:41 - Overriding database path with different value: C:\Users\Ansel\.stmcufinder\plugins\mcufinder/ => C:\Users\Ansel\.stmcufinder\plugins\mcufinder
2023-05-07 12:16:01,065 [INFO] DbMcusAds:125 - Set database path to: C:\Users\Ansel\.stmcufinder\plugins\mcufinder//mcu/
2023-05-07 12:16:01,065 [WARN] DbFile:41 - Overriding database path with different value: C:\Users\Ansel\.stmcufinder\plugins\mcufinder/ => C:\Users\Ansel\.stmcufinder\plugins\mcufinder
2023-05-07 12:16:01,065 [WARN] DbFile:41 - Overriding database path with different value: C:\Users\Ansel\.stmcufinder\plugins\mcufinder/ => C:\Users\Ansel\.stmcufinder\plugins\mcufinder
2023-05-07 12:16:01,065 [INFO] CrossReferenceDbSqlite:203 - Set database path to: C:\Users\Ansel\.stmcufinder\plugins\mcufinder//mcu/cs/
2023-05-07 12:16:01,160 [INFO] MainPanel:253 - HeapMemory: 268435456
2023-05-07 12:16:01,303 [INFO] DbMcusXml:78 - Set database path to: C:\ST\STM32CubeIDE_1.11.0\STM32CubeIDE\plugins\com.st.stm32cube.common.mx_6.8.1.202304191431\\db\/mcu/
2023-05-07 12:16:01,303 [INFO] ApiDb:274 - Set plugin database path to: C:\ST\STM32CubeIDE_1.11.0\STM32CubeIDE\plugins\com.st.stm32cube.common.mx_6.8.1.202304191431\\db\/plugins/boardmanager/
2023-05-07 12:16:01,303 [INFO] ApiDb:261 - Set plugin images path to: C:\ST\STM32CubeIDE_1.11.0\STM32CubeIDE\plugins\com.st.stm32cube.common.mx_6.8.1.202304191431\\db\/plugins/mcufinder/images/
2023-05-07 12:16:01,303 [WARN] DbFile:41 - Overriding database path with different value: C:\Users\Ansel\.stmcufinder\plugins\mcufinder/ => C:\Users\Ansel\.stmcufinder\plugins\mcufinder
2023-05-07 12:16:01,303 [INFO] ApiDb:250 - Set database path to: C:\Users\Ansel\.stmcufinder\plugins\mcufinder//mcu/
2023-05-07 12:16:01,303 [WARN] DbFile:41 - Overriding database path with different value: C:\Users\Ansel\.stmcufinder\plugins\mcufinder/ => C:\Users\Ansel\.stmcufinder\plugins\mcufinder
2023-05-07 12:16:01,303 [INFO] DbMcusAds:125 - Set database path to: C:\Users\Ansel\.stmcufinder\plugins\mcufinder//mcu/
2023-05-07 12:16:01,303 [WARN] DbFile:41 - Overriding database path with different value: C:\Users\Ansel\.stmcufinder\plugins\mcufinder/ => C:\Users\Ansel\.stmcufinder\plugins\mcufinder
2023-05-07 12:16:01,303 [WARN] DbFile:41 - Overriding database path with different value: C:\Users\Ansel\.stmcufinder\plugins\mcufinder/ => C:\Users\Ansel\.stmcufinder\plugins\mcufinder
2023-05-07 12:16:01,303 [INFO] CrossReferenceDbSqlite:203 - Set database path to: C:\Users\Ansel\.stmcufinder\plugins\mcufinder//mcu/cs/
2023-05-07 12:16:01,319 [INFO] ApplicationProperties:184 - Using Application install path: C:\ST\STM32CubeIDE_1.11.0\STM32CubeIDE\plugins\com.st.stm32cube.common.mx_6.8.1.202304191431
2023-05-07 12:16:01,319 [INFO] PluginManage:196 - Search for loadable plugins [exclusion list=, ]
2023-05-07 12:16:01,319 [INFO] PluginManage:310 - Check plugin analytics
2023-05-07 12:16:01,538 [INFO] AnalyticsPlugin:253 - Accepted Software Licenses: 
2023-05-07 12:16:01,538 [INFO] AnalyticsPlugin:255 - Accepted CMSIS Pack Licenses: 
2023-05-07 12:16:01,538 [INFO] AnalyticsPlugin:257 - Accepted Firmware Licenses: 
2023-05-07 12:16:01,553 [INFO] PluginManage:359 - Loaded plugin analytics (category:tool,tabindex:-1)
2023-05-07 12:16:01,553 [INFO] PluginManage:310 - Check plugin cadmodel
2023-05-07 12:16:03,744 [INFO] CADModel:105 - Init CAD model plugin
2023-05-07 12:16:03,744 [INFO] PluginManage:359 - Loaded plugin cadmodel (category:power,tabindex:5)
2023-05-07 12:16:03,744 [INFO] PluginManage:310 - Check plugin clock
2023-05-07 12:16:04,322 [INFO] PluginManage:359 - Loaded plugin clock (category:base,tabindex:2)
2023-05-07 12:16:04,322 [INFO] PluginManage:310 - Check plugin ddr
2023-05-07 12:16:04,338 [INFO] PluginManage:359 - Loaded plugin ddr (category:tool,tabindex:6)
2023-05-07 12:16:04,338 [INFO] PluginManage:310 - Check plugin filemanager
2023-05-07 12:16:04,560 [INFO] PluginManage:359 - Loaded plugin filemanager (category:base,tabindex:10)
2023-05-07 12:16:04,560 [INFO] PluginManage:310 - Check plugin ipmanager
2023-05-07 12:16:04,575 [INFO] PluginManage:359 - Loaded plugin ipmanager (category:base,tabindex:5)
2023-05-07 12:16:04,575 [INFO] PluginManage:310 - Check plugin lpbam
2023-05-07 12:16:04,875 [INFO] PluginManage:359 - Loaded plugin lpbam (category:base,tabindex:0)
2023-05-07 12:16:04,875 [INFO] PluginManage:310 - Check plugin pinoutandconfiguration
2023-05-07 12:16:04,986 [ERROR] LogOutputStream:75 - [STDERR_REDIRECT] SLF4J: Failed to load class "org.slf4j.impl.StaticLoggerBinder".
2023-05-07 12:16:04,986 [ERROR] LogOutputStream:75 - [STDERR_REDIRECT] SLF4J: Defaulting to no-operation (NOP) logger implementation
2023-05-07 12:16:04,986 [ERROR] LogOutputStream:75 - [STDERR_REDIRECT] SLF4J: See http://www.slf4j.org/codes.html#StaticLoggerBinder for further details.
2023-05-07 12:16:05,366 [INFO] PluginManage:359 - Loaded plugin pinoutandconfiguration (category:base,tabindex:1)
2023-05-07 12:16:05,366 [INFO] PluginManage:310 - Check plugin pinoutconfig
2023-05-07 12:16:05,773 [WARN] SupportedApi:132 - Cannot load RTOS API schema: s4s-elt-must-match.1: The content of 'definitions' must match (annotation?, (simpleType | complexType)?, (unique | key | keyref)*)). A problem was found starting at: attribute.
2023-05-07 12:16:05,992 [INFO] PluginManage:359 - Loaded plugin pinoutconfig (category:base,tabindex:0)
2023-05-07 12:16:05,992 [INFO] PluginManage:310 - Check plugin power
2023-05-07 12:16:06,039 [INFO] PluginManage:359 - Loaded plugin power (category:power,tabindex:4)
2023-05-07 12:16:06,039 [INFO] PluginManage:310 - Check plugin projectmanager
2023-05-07 12:16:06,054 [INFO] PluginManage:359 - Loaded plugin projectmanager (category:projectmanager,tabindex:3)
2023-05-07 12:16:06,054 [INFO] PluginManage:310 - Check plugin thirdparty
2023-05-07 12:16:09,668 [INFO] PluginManage:359 - Loaded plugin thirdparty (category:base,tabindex:-1)
2023-05-07 12:16:09,668 [WARN] IntegrityCheckThread:84 - waiting for thirdparty lock release [integrity check]
2023-05-07 12:16:09,668 [INFO] PluginManage:310 - Check plugin tools
2023-05-07 12:16:09,668 [INFO] IntegrityCheckThread:86 - entering critical section [integrity check]
2023-05-07 12:16:09,668 [INFO] ThirdPartyUpdaterWithRetryManager:70 - Updater plugin not ready yet. [1/15]
2023-05-07 12:16:09,684 [INFO] PluginManage:359 - Loaded plugin tools (category:base,tabindex:7)
2023-05-07 12:16:09,684 [INFO] PluginManage:310 - Check plugin tutovideos
2023-05-07 12:16:09,966 [INFO] PluginManage:359 - Loaded plugin tutovideos (category:base,tabindex:-1)
2023-05-07 12:16:09,966 [INFO] PluginManage:310 - Check plugin updater
2023-05-07 12:16:09,982 [INFO] PluginManage:359 - Loaded plugin updater (category:base,tabindex:12)
2023-05-07 12:16:09,982 [INFO] PluginManage:283 - PluginManage : Loaded plugins [15]
2023-05-07 12:16:10,279 [INFO] PinOutPanel:1499 - setPackage(No Configuration,No Configuration)
2023-05-07 12:16:10,357 [INFO] CADModel:165 - CPN selected for project level
2023-05-07 12:16:10,357 [INFO] CADModel:114 - Register for checkConnection events
2023-05-07 12:16:10,435 [INFO] IPUIPlugin:80 - create IPUIPlugin
2023-05-07 12:16:10,435 [INFO] PluginManager:220 - loadIPPluginJar : add adc
2023-05-07 12:16:10,451 [INFO] IPUIPlugin:80 - create IPUIPlugin
2023-05-07 12:16:10,451 [INFO] PluginManager:220 - loadIPPluginJar : add aes
2023-05-07 12:16:10,467 [INFO] IPUIPlugin:80 - create IPUIPlugin
2023-05-07 12:16:10,467 [INFO] PluginManager:220 - loadIPPluginJar : add can
2023-05-07 12:16:10,483 [INFO] IPUIPlugin:80 - create IPUIPlugin
2023-05-07 12:16:10,483 [INFO] PluginManager:220 - loadIPPluginJar : add comp
2023-05-07 12:16:10,499 [INFO] IPUIPlugin:80 - create IPUIPlugin
2023-05-07 12:16:10,499 [INFO] PluginManager:220 - loadIPPluginJar : add cryp
2023-05-07 12:16:10,531 [INFO] IPUIPlugin:80 - create IPUIPlugin
2023-05-07 12:16:10,531 [INFO] PluginManager:220 - loadIPPluginJar : add dfsdm
2023-05-07 12:16:10,594 [INFO] IPUIPlugin:80 - create IPUIPlugin
2023-05-07 12:16:10,594 [INFO] PluginManager:220 - loadIPPluginJar : add dma
2023-05-07 12:16:10,625 [INFO] IPUIPlugin:80 - create IPUIPlugin
2023-05-07 12:16:10,625 [INFO] PluginManager:220 - loadIPPluginJar : add dma3
2023-05-07 12:16:10,641 [INFO] IPUIPlugin:80 - create IPUIPlugin
2023-05-07 12:16:10,641 [INFO] PluginManager:220 - loadIPPluginJar : add fatfs
2023-05-07 12:16:10,672 [INFO] IPUIPlugin:80 - create IPUIPlugin
2023-05-07 12:16:10,672 [INFO] PluginManager:220 - loadIPPluginJar : add fmc
2023-05-07 12:16:11,035 [INFO] IPUIPlugin:80 - create IPUIPlugin
2023-05-07 12:16:11,035 [INFO] PluginManager:220 - loadIPPluginJar : add freertos
2023-05-07 12:16:11,050 [INFO] IPUIPlugin:80 - create IPUIPlugin
2023-05-07 12:16:11,050 [INFO] PluginManager:220 - loadIPPluginJar : add genericplugin
2023-05-07 12:16:11,113 [INFO] IPUIPlugin:80 - create IPUIPlugin
2023-05-07 12:16:11,113 [INFO] PluginManager:220 - loadIPPluginJar : add gfxmmu
2023-05-07 12:16:11,207 [INFO] IPUIPlugin:80 - create IPUIPlugin
2023-05-07 12:16:11,207 [INFO] PluginManager:220 - loadIPPluginJar : add gic
2023-05-07 12:16:11,364 [INFO] IPUIPlugin:80 - create IPUIPlugin
2023-05-07 12:16:11,364 [INFO] PluginManager:220 - loadIPPluginJar : add gpio
2023-05-07 12:16:11,411 [INFO] IPUIPlugin:80 - create IPUIPlugin
2023-05-07 12:16:11,411 [INFO] PluginManager:220 - loadIPPluginJar : add gtzc
2023-05-07 12:16:11,442 [INFO] IPUIPlugin:80 - create IPUIPlugin
2023-05-07 12:16:11,442 [INFO] PluginManager:220 - loadIPPluginJar : add hash
2023-05-07 12:16:11,473 [INFO] IPUIPlugin:80 - create IPUIPlugin
2023-05-07 12:16:11,473 [INFO] PluginManager:220 - loadIPPluginJar : add i2c
2023-05-07 12:16:11,504 [INFO] IPUIPlugin:80 - create IPUIPlugin
2023-05-07 12:16:11,504 [INFO] PluginManager:220 - loadIPPluginJar : add i2s
2023-05-07 12:16:11,536 [INFO] IPUIPlugin:80 - create IPUIPlugin
2023-05-07 12:16:11,536 [INFO] PluginManager:220 - loadIPPluginJar : add i3c
2023-05-07 12:16:11,615 [INFO] IPUIPlugin:80 - create IPUIPlugin
2023-05-07 12:16:11,615 [INFO] PluginManager:220 - loadIPPluginJar : add ipddr
2023-05-07 12:16:11,679 [INFO] IPUIPlugin:80 - create IPUIPlugin
2023-05-07 12:16:11,679 [INFO] PluginManager:220 - loadIPPluginJar : add linkedlist
2023-05-07 12:16:11,710 [INFO] IPUIPlugin:80 - create IPUIPlugin
2023-05-07 12:16:11,710 [INFO] PluginManager:220 - loadIPPluginJar : add lorawan
2023-05-07 12:16:11,726 [INFO] IPUIPlugin:80 - create IPUIPlugin
2023-05-07 12:16:11,726 [INFO] PluginManager:220 - loadIPPluginJar : add ltdc
2023-05-07 12:16:11,901 [INFO] IPUIPlugin:80 - create IPUIPlugin
2023-05-07 12:16:11,901 [INFO] PluginManager:220 - loadIPPluginJar : add mdma
2023-05-07 12:16:12,043 [INFO] IPUIPlugin:80 - create IPUIPlugin
2023-05-07 12:16:12,043 [INFO] PluginManager:220 - loadIPPluginJar : add nvic
2023-05-07 12:16:12,058 [INFO] IPUIPlugin:80 - create IPUIPlugin
2023-05-07 12:16:12,058 [INFO] PluginManager:220 - loadIPPluginJar : add opamp
2023-05-07 12:16:12,105 [INFO] IPUIPlugin:80 - create IPUIPlugin
2023-05-07 12:16:12,105 [INFO] PluginManager:220 - loadIPPluginJar : add openamp
2023-05-07 12:16:12,137 [INFO] IPUIPlugin:80 - create IPUIPlugin
2023-05-07 12:16:12,137 [INFO] PluginManager:220 - loadIPPluginJar : add pdm2pcm
2023-05-07 12:16:12,278 [INFO] IPUIPlugin:80 - create IPUIPlugin
2023-05-07 12:16:12,294 [INFO] PluginManager:220 - loadIPPluginJar : add plateformsettings
2023-05-07 12:16:12,310 [INFO] IPUIPlugin:80 - create IPUIPlugin
2023-05-07 12:16:12,310 [INFO] PluginManager:220 - loadIPPluginJar : add quadspi
2023-05-07 12:16:12,672 [INFO] ThirdPartyUpdaterWithRetryManager:70 - Updater plugin not ready yet. [2/15]
2023-05-07 12:16:12,797 [INFO] IPUIPlugin:80 - create IPUIPlugin
2023-05-07 12:16:12,797 [INFO] PluginManager:220 - loadIPPluginJar : add resmgrutility
2023-05-07 12:16:12,828 [INFO] IPUIPlugin:80 - create IPUIPlugin
2023-05-07 12:16:12,828 [INFO] PluginManager:220 - loadIPPluginJar : add sai
2023-05-07 12:16:12,844 [INFO] IPUIPlugin:80 - create IPUIPlugin
2023-05-07 12:16:12,844 [INFO] PluginManager:220 - loadIPPluginJar : add spi
2023-05-07 12:16:12,859 [INFO] IPUIPlugin:80 - create IPUIPlugin
2023-05-07 12:16:12,859 [INFO] PluginManager:220 - loadIPPluginJar : add stm32_wpan
2023-05-07 12:16:12,875 [INFO] IPUIPlugin:80 - create IPUIPlugin
2023-05-07 12:16:12,875 [INFO] PluginManager:220 - loadIPPluginJar : add tim
2023-05-07 12:16:12,922 [INFO] IPUIPlugin:80 - create IPUIPlugin
2023-05-07 12:16:12,922 [INFO] PluginManager:220 - loadIPPluginJar : add touchsensing
2023-05-07 12:16:12,937 [INFO] IPUIPlugin:80 - create IPUIPlugin
2023-05-07 12:16:12,937 [INFO] PluginManager:220 - loadIPPluginJar : add tracer_emb
2023-05-07 12:16:12,953 [INFO] IPUIPlugin:80 - create IPUIPlugin
2023-05-07 12:16:12,953 [INFO] PluginManager:220 - loadIPPluginJar : add ts
2023-05-07 12:16:12,953 [INFO] IPUIPlugin:80 - create IPUIPlugin
2023-05-07 12:16:12,953 [INFO] PluginManager:220 - loadIPPluginJar : add tsc
2023-05-07 12:16:12,969 [INFO] IPUIPlugin:80 - create IPUIPlugin
2023-05-07 12:16:12,969 [INFO] PluginManager:220 - loadIPPluginJar : add ucpd
2023-05-07 12:16:13,000 [INFO] IPUIPlugin:80 - create IPUIPlugin
2023-05-07 12:16:13,000 [INFO] PluginManager:220 - loadIPPluginJar : add usart
2023-05-07 12:16:13,016 [INFO] IPUIPlugin:80 - create IPUIPlugin
2023-05-07 12:16:13,016 [INFO] PluginManager:220 - loadIPPluginJar : add usbx
2023-05-07 12:16:13,221 [INFO] CADModel:165 - CPN selected for project level
2023-05-07 12:16:13,221 [INFO] CADModel:114 - Register for checkConnection events
2023-05-07 12:16:13,221 [FATAL] Updater:308 - Updater called before beeing initialized
2023-05-07 12:16:13,221 [ERROR] CADModel:125 - Updater not yet initialized, retry later 
2023-05-07 12:16:13,475 [INFO] CADModel:165 - CPN selected for project level
2023-05-07 12:16:13,475 [INFO] CADModel:114 - Register for checkConnection events
2023-05-07 12:16:13,475 [FATAL] Updater:308 - Updater called before beeing initialized
2023-05-07 12:16:13,475 [ERROR] CADModel:125 - Updater not yet initialized, retry later 
2023-05-07 12:16:13,475 [FATAL] Updater:308 - Updater called before beeing initialized
2023-05-07 12:16:13,648 [FATAL] Updater:308 - Updater called before beeing initialized
2023-05-07 12:16:13,648 [INFO] DbMcusAds:53 - JSON generation date=Thu Sep 30 08:55:09 CEST 2021 (1632984909247)
2023-05-07 12:16:13,648 [FATAL] Updater:308 - Updater called before beeing initialized
2023-05-07 12:16:13,727 [WARN] DetailPanel:346 - Failed to get advertising image, set to default
2023-05-07 12:16:13,884 [FATAL] Updater:308 - Updater called before beeing initialized
2023-05-07 12:16:13,884 [FATAL] Updater:308 - Updater called before beeing initialized
2023-05-07 12:16:13,884 [FATAL] Updater:308 - Updater called before beeing initialized
2023-05-07 12:16:13,884 [WARN] DetailPanel:346 - Failed to get advertising image, set to default
2023-05-07 12:16:13,884 [FATAL] Updater:308 - Updater called before beeing initialized
2023-05-07 12:16:13,963 [ERROR] Updater:1120 - MainUpdater not yet initialized. External WinMGr cannot be set.
2023-05-07 12:16:13,979 [INFO] Updater:1056 - Updater Version found : 6.8.1
2023-05-07 12:16:14,058 [INFO] ApplicationProperties:184 - Using Application install path: C:\ST\STM32CubeIDE_1.11.0\STM32CubeIDE\plugins\com.st.stm32cube.common.mx_6.8.1.202304191431
2023-05-07 12:16:14,122 [INFO] MainUpdater:519 - Copy updater definitions from MX database
2023-05-07 12:16:14,358 [INFO] MainUpdater:2854 - connection check result : 10
2023-05-07 12:16:14,358 [INFO] MainUpdater:3548 - Updater definition file requires update
2023-05-07 12:16:14,358 [INFO] MainUpdater:283 - Updater Check For Update Now.
2023-05-07 12:16:14,358 [INFO] MicroXplorer:498 - Change Database Version : DB.6.0.81
2023-05-07 12:16:14,420 [INFO] ServerAccessManage:473 - Download File updaters.zip
2023-05-07 12:16:14,498 [INFO] FileExtend:240 - Unzip File : updaters.zip
2023-05-07 12:16:14,498 [INFO] FileExtend:255 - Standard Zip Deflate
2023-05-07 12:16:14,765 [INFO] ServerAccessManage:473 - Download File PacksControlFlags.xml
2023-05-07 12:16:14,843 [INFO] ServerAccessManage:473 - Download File cubemx.pidx
2023-05-07 12:16:15,046 [INFO] LoadServerUpdatesThread:373 - End of LoadServerUpdate Thread
2023-05-07 12:16:15,235 [INFO] CheckServerUpdateThread:120 - End of CheckServer Thread
2023-05-07 12:16:15,425 [INFO] MainUpdater:2854 - connection check result : 10
2023-05-07 12:16:15,425 [INFO] McuFinderGlobals:66 - Set McuFinderConnectedMode to true
2023-05-07 12:16:15,678 [WARN] MainUpdater:1187 - Updater busy. Cannot search thirdparties
2023-05-07 12:16:15,678 [INFO] ThirdPartyUpdaterWithRetryManager:96 - Updater plugin is busy. [1/15]
2023-05-07 12:16:15,741 [INFO] ServerAccessManage:473 - Download File mcusAds.json._tmp_
2023-05-07 12:16:15,852 [INFO] LoadUrlFilesThread:156 - End of LoadUrlFiles Thread
2023-05-07 12:16:16,057 [INFO] ServerAccessManage:473 - Download File cube-finder-db.zip
2023-05-07 12:16:18,678 [WARN] MainUpdater:1187 - Updater busy. Cannot search thirdparties
2023-05-07 12:16:18,678 [INFO] ThirdPartyUpdaterWithRetryManager:96 - Updater plugin is busy. [2/15]
2023-05-07 12:16:21,683 [WARN] MainUpdater:1187 - Updater busy. Cannot search thirdparties
2023-05-07 12:16:21,683 [INFO] ThirdPartyUpdaterWithRetryManager:96 - Updater plugin is busy. [3/15]
2023-05-07 12:16:21,714 [INFO] FileExtend:240 - Unzip File : cube-finder-db.zip
2023-05-07 12:16:21,714 [INFO] FileExtend:255 - Standard Zip Deflate
2023-05-07 12:16:22,482 [INFO] LoadUrlFilesThread:156 - End of LoadUrlFiles Thread
2023-05-07 12:16:22,874 [INFO] ServerAccessManage:473 - Download File crdb.zip
2023-05-07 12:16:23,093 [INFO] FileExtend:240 - Unzip File : crdb.zip
2023-05-07 12:16:23,093 [INFO] FileExtend:255 - Standard Zip Deflate
2023-05-07 12:16:23,218 [INFO] LoadUrlFilesThread:156 - End of LoadUrlFiles Thread
2023-05-07 12:16:23,437 [INFO] ServerAccessManage:473 - Download File tutoVideoDB.zip
2023-05-07 12:16:23,437 [INFO] FileExtend:240 - Unzip File : tutoVideoDB.zip
2023-05-07 12:16:23,437 [INFO] FileExtend:255 - Standard Zip Deflate
2023-05-07 12:16:23,546 [INFO] LoadUrlFilesThread:156 - End of LoadUrlFiles Thread
2023-05-07 12:16:23,546 [WARN] DbFile:41 - Overriding database path with different value: C:\Users\Ansel\.stmcufinder\plugins\mcufinder/ => C:\Users\Ansel\.stmcufinder\plugins\mcufinder
2023-05-07 12:16:23,686 [INFO] ServerAccessManage:473 - Download File api_config.json
2023-05-07 12:16:23,796 [INFO] LoadUrlFilesThread:156 - End of LoadUrlFiles Thread
2023-05-07 12:16:23,796 [INFO] DbMcusAds:53 - JSON generation date=Tue Mar 07 09:50:54 CET 2023 (1678179054945)
2023-05-07 12:16:23,968 [INFO] ServerAccessManage:473 - Download File 
2023-05-07 12:16:24,000 [INFO] LoadUrlFilesThread:185 - End of LoadServerUrlFiles without Thread
2023-05-07 12:16:24,000 [INFO] TargetSelectorAdapter:259 - Refresh data is successful
2023-05-07 12:16:24,125 [INFO] ApiDb:581 - Connected to CubeFinder SQLite database (C:\Users\Ansel\.stmcufinder\plugins\mcufinder\mcu\cube-finder-db.db)
2023-05-07 12:16:24,187 [INFO] ApiDb:668 - CubeFinder database Data Model version=2.1
2023-05-07 12:16:24,187 [INFO] ApiDb:669 - CubeFinder database Configuration version=3.0.35
2023-05-07 12:16:24,187 [INFO] ApiDb:670 - CubeFinder database generation date=2023-04-03 (1680511692)
2023-05-07 12:16:24,187 [INFO] ApiDb:671 - CubeFinder database FW Pack versions=[FP-ATR-ASTRA1_V2.0.0, STM32Cube_FW_C0_V1.0.1, STM32Cube_FW_F0_V1.11.4, STM32Cube_FW_F3_V1.11.4, STM32Cube_FW_F4_V1.27.1, STM32Cube_FW_F7_V1.17.0, STM32Cube_FW_G0_V1.6.1, STM32Cube_FW_G4_V1.5.1, STM32Cube_FW_H5_V0.5.1, STM32Cube_FW_H5_V1.0.0, STM32Cube_FW_H7_V1.11.0, STM32Cube_FW_L0_V1.12.2, STM32Cube_FW_L5_V1.5.0, STM32Cube_FW_U5_V1.2.0, STM32Cube_FW_WBA_V1.0.0, STM32Cube_FW_WBA_V1.0.0RC1, STM32Cube_FW_WBA_V1.0.0RC3, STM32Cube_FW_WB_V1.15.0RC1, STM32Cube_FW_WB_V1.16.0, STM32Cube_FW_WB_V1.16.0RC2, STM32Cube_FW_WL_V1.3.0, X-CUBE-ALGOBUILD_V1.3.0, X-CUBE-ALS_V1.0.1, X-CUBE-AZRTOS-F4_V1.1.0, X-CUBE-AZRTOS-F7_V1.1.0, X-CUBE-AZRTOS-G0_V1.1.0, X-CUBE-AZRTOS-G4_V1.0.0, X-CUBE-AZRTOS-H7_V3.0.0, X-CUBE-AZRTOS-L4_V1.0.0, X-CUBE-AZRTOS-L5_V1.1.0, X-CUBE-AZRTOS-WB_V1.1.0, X-CUBE-AZRTOS-WL_V1.0.0, X-CUBE-BLE1_V6.2.4, X-CUBE-BLE2_V3.3.0, X-CUBE-BLEMGR_V1.3.0, X-CUBE-EEPRMA1_V4.1.0, X-CUBE-FREERTOS_V1.0.1, X-CUBE-GNSS1_V6.0.0, X-CUBE-MEMS1_V9.1.0, X-CUBE-MEMS1_V9.4.0, X-CUBE-MEMS1_V9.5.0, X-CUBE-NFC4_V3.0.0, X-CUBE-NFC7_V1.0.0, X-CUBE-SFXS2LP1_V4.0.0, X-CUBE-SUBG2_V5.0.0]
2023-05-07 12:16:24,879 [WARN] PackLoader:240 - Cannot read IP mode file for STMicroelectronics.X-CUBE-GNSS1.6.0.0
2023-05-07 12:16:24,926 [WARN] PackLoader:240 - Cannot read IP mode file for STMicroelectronics.X-CUBE-AZRTOS-F4.1.1.0
2023-05-07 12:16:24,942 [WARN] PackLoader:240 - Cannot read IP mode file for STMicroelectronics.X-CUBE-SMBUS.2.1.0
2023-05-07 12:16:24,974 [WARN] PackLoader:240 - Cannot read IP mode file for STMicroelectronics.X-CUBE-AZRTOS-F7.1.1.0
2023-05-07 12:16:25,069 [WARN] PackLoader:240 - Cannot read IP mode file for STMicroelectronics.X-CUBE-MEMS1.9.6.0
2023-05-07 12:16:25,367 [WARN] PackLoader:240 - Cannot read IP mode file for STMicroelectronics.X-CUBE-BLE1.6.2.4
2023-05-07 12:16:25,383 [WARN] PackLoader:240 - Cannot read IP mode file for emotas.I-CUBE-CANOPEN.1.1.3
2023-05-07 12:16:25,399 [WARN] PackLoader:240 - Cannot read IP mode file for STMicroelectronics.X-CUBE-BLEMGR.2.0.0
2023-05-07 12:16:25,415 [WARN] PackLoader:240 - Cannot read IP mode file for STMicroelectronics.X-CUBE-NFC4.2.0.5
2023-05-07 12:16:25,446 [WARN] ConditionMgr:438 - getConditionDescription Invalid condition id : UX DEVICE CLASS RTOS Condition cause : null
2023-05-07 12:16:25,446 [WARN] ConditionMgr:438 - getConditionDescription Invalid condition id : UX DEVICE CLASS RTOS Condition cause : null
2023-05-07 12:16:25,446 [WARN] PackLoader:240 - Cannot read IP mode file for STMicroelectronics.X-CUBE-AZRTOS-H7.3.1.0
2023-05-07 12:16:25,446 [WARN] ConditionMgr:1039 - genDependencies : Invalid condition id : UX DEVICE CLASS RTOS Condition cause : null
2023-05-07 12:16:25,446 [WARN] ConditionMgr:1039 - genDependencies : Invalid condition id : UX DEVICE CLASS RTOS Condition cause : null
2023-05-07 12:16:25,446 [WARN] ConditionMgr:1039 - genDependencies : Invalid condition id : UX DEVICE CLASS RTOS Condition cause : null
2023-05-07 12:16:25,446 [WARN] ConditionMgr:1039 - genDependencies : Invalid condition id : UX DEVICE CLASS RTOS Condition cause : null
2023-05-07 12:16:25,446 [WARN] ConditionMgr:1039 - genDependencies : Invalid condition id : UX DEVICE CLASS RTOS Condition cause : null
2023-05-07 12:16:25,462 [WARN] PackLoader:240 - Cannot read IP mode file for STMicroelectronics.X-CUBE-DISPLAY.3.0.0
2023-05-07 12:16:25,478 [WARN] PackLoader:240 - Cannot read IP mode file for wolfSSL.I-CUBE-wolfSSL.5.5.4
2023-05-07 12:16:25,494 [WARN] PackLoader:240 - Cannot read IP mode file for STMicroelectronics.X-CUBE-NFC7.1.0.0
2023-05-07 12:16:25,510 [WARN] PackLoader:240 - Cannot read IP mode file for STMicroelectronics.X-CUBE-EEPRMA1.4.1.0
2023-05-07 12:16:25,541 [WARN] PackLoader:240 - Cannot read IP mode file for WES.I-CUBE-Cesium.1.3.0
2023-05-07 12:16:25,557 [WARN] PackLoader:240 - Cannot read IP mode file for STMicroelectronics.X-CUBE-SFXS2LP1.4.0.0
2023-05-07 12:16:25,557 [WARN] PackLoader:240 - Cannot read IP mode file for STMicroelectronics.X-CUBE-BLE2.3.3.0
2023-05-07 12:16:25,573 [WARN] PackLoader:240 - Cannot read IP mode file for STMicroelectronics.X-CUBE-DISPLAY.2.2.0
2023-05-07 12:16:25,589 [WARN] PackLoader:240 - Cannot read IP mode file for STMicroelectronics.X-CUBE-TOF1.3.2.0
2023-05-07 12:16:25,637 [WARN] PackLoader:240 - Cannot read IP mode file for STMicroelectronics.X-CUBE-AZRTOS-H7.3.0.0
2023-05-07 12:16:25,653 [WARN] PackLoader:240 - Cannot read IP mode file for STMicroelectronics.X-CUBE-ISPU.1.1.0
2023-05-07 12:16:25,669 [WARN] PackLoader:240 - Cannot read IP mode file for RoweBots.I-CUBE-UNISONRTOS.5.5.0-4
2023-05-07 12:16:25,685 [WARN] PackLoader:240 - Cannot read IP mode file for STMicroelectronics.X-CUBE-AI.8.0.0
2023-05-07 12:16:25,685 [WARN] PackLoader:240 - Cannot read IP mode file for STMicroelectronics.X-CUBE-FREERTOS.1.0.1
2023-05-07 12:16:25,701 [WARN] PackLoader:240 - Cannot read IP mode file for STMicroelectronics.X-CUBE-TOUCHGFX.4.21.0
2023-05-07 12:16:25,701 [WARN] PackLoader:240 - Cannot read IP mode file for STMicroelectronics.X-CUBE-TOUCHGFX.4.21.3
2023-05-07 12:16:25,764 [WARN] PackLoader:240 - Cannot read IP mode file for STMicroelectronics.X-CUBE-MEMS1.9.4.0
2023-05-07 12:16:25,953 [WARN] PackLoader:240 - Cannot read IP mode file for STMicroelectronics.X-CUBE-AI.7.3.0
2023-05-07 12:16:25,969 [WARN] PackLoader:240 - Cannot read IP mode file for STMicroelectronics.X-CUBE-ALGOBUILD.1.3.0
2023-05-07 12:16:26,001 [WARN] PackLoader:240 - Cannot read IP mode file for STMicroelectronics.X-CUBE-AZRTOS-L5.1.1.0
2023-05-07 12:16:26,016 [WARN] PackLoader:240 - Cannot read IP mode file for STMicroelectronics.X-CUBE-AZRTOS-G0.1.1.0
2023-05-07 12:16:26,032 [WARN] PackLoader:240 - Cannot read IP mode file for STMicroelectronics.X-CUBE-SUBG2.5.0.0
2023-05-07 12:16:26,048 [WARN] PackLoader:240 - Cannot read IP mode file for STMicroelectronics.X-CUBE-NFC4.3.0.0
2023-05-07 12:16:26,080 [WARN] PackLoader:240 - Cannot read IP mode file for STMicroelectronics.X-CUBE-AZRTOS-G4.2.0.0
2023-05-07 12:16:26,096 [WARN] PackLoader:240 - Cannot read IP mode file for STMicroelectronics.X-CUBE-TOF1.3.3.0
2023-05-07 12:16:26,127 [WARN] PackLoader:240 - Cannot read IP mode file for STMicroelectronics.FP-ATR-ASTRA1.1.1.1
2023-05-07 12:16:26,143 [WARN] PackLoader:240 - Cannot read IP mode file for STMicroelectronics.X-CUBE-BLEMGR.1.3.0
2023-05-07 12:16:26,159 [WARN] PackLoader:240 - Cannot read IP mode file for STMicroelectronics.X-CUBE-AZRTOS-G4.1.0.0
2023-05-07 12:16:26,175 [WARN] PackLoader:240 - Cannot read IP mode file for STMicroelectronics.FP-ATR-SIGFOX1.3.2.0
2023-05-07 12:16:26,190 [WARN] PackLoader:240 - Cannot read IP mode file for STMicroelectronics.X-CUBE-AZRTOS-L4.1.0.0
2023-05-07 12:16:26,222 [WARN] PackLoader:240 - Cannot read IP mode file for STMicroelectronics.X-CUBE-AZRTOS-WL.1.0.0
2023-05-07 12:16:26,222 [WARN] PackLoader:240 - Cannot read IP mode file for portGmbH.I-Cube-SoM-uGOAL.1.1.0
2023-05-07 12:16:26,238 [WARN] PackLoader:240 - Cannot read IP mode file for STMicroelectronics.X-CUBE-ALS.1.0.1
2023-05-07 12:16:26,254 [WARN] PackLoader:240 - Cannot read IP mode file for STMicroelectronics.X-CUBE-AZRTOS-WB.1.1.0
2023-05-07 12:16:26,317 [WARN] PackLoader:240 - Cannot read IP mode file for SEGGER.I-CUBE-embOS.1.3.1
2023-05-07 12:16:26,395 [WARN] PackLoader:240 - Cannot read IP mode file for SEGGER.I-CUBE-embOS.1.3.0
2023-05-07 12:16:26,474 [WARN] PackLoader:240 - Cannot read IP mode file for STMicroelectronics.FP-ATR-ASTRA1.2.0.0
2023-05-07 12:16:26,474 [INFO] ThirdParty:978 - Integrity check success = true
2023-05-07 12:16:26,474 [INFO] IntegrityCheckThread:100 - exiting critical section [integrity check]
2023-05-07 12:16:26,474 [INFO] IntegrityCheckThread:103 - End integrity checks thread
2023-05-07 12:16:27,073 [INFO] ApiDb:240 - Found 297 in-development CPN: [B-G473E-ZEST1S, B-WB1M-WPAN1, B-WL5M-SUBG1, NUCLEO-C031C6, NUCLEO-H503RB, NUCLEO-H563ZI, NUCLEO-U545RE-Q, NUCLEO-U5A5ZJ-Q, NUCLEO-WBA52CG, STEVAL-PROTEUS1, STEVAL-STWINBX1, STM320518-EVAL, STM32C0116-DK, STM32C011D6Y3TR, STM32C011D6Y6TR, STM32C011F4P3, STM32C011F4P6, STM32C011F4U3, STM32C011F4U6TR, STM32C011F6P3, STM32C011F6P6, STM32C011F6U3, STM32C011F6U6TR, STM32C011J4M3, STM32C011J4M6, STM32C011J6M3, STM32C011J6M6, STM32C0316-DK, STM32C031C4T3, STM32C031C4T6, STM32C031C4U3, STM32C031C4U6, STM32C031C6T3, STM32C031C6T6, STM32C031C6U3, STM32C031C6U6, STM32C031F4P3, STM32C031F4P6, STM32C031F6P3, STM32C031F6P6, STM32C031G4U3, STM32C031G4U6, STM32C031G6U3, STM32C031G6U6, STM32C031K4T3, STM32C031K4T6, STM32C031K4U3, STM32C031K4U6, STM32C031K6T3, STM32C031K6T6, STM32C031K6U3, STM32C031K6U6, STM32G071K8TXN, STM32G071K8UXN, STM32G081GBU6N, STM32G081KBT6N, STM32G081KBUXN, STM32G0B1CCT6N, STM32G0B1KCT6, STM32G0B1NEY6TR, STM32G0B1RCT6N, STM32G0C1CCT6, STM32G0C1CCT6N, STM32G0C1CCU6N, STM32G0C1CET6N, STM32G0C1CEU6N, STM32G0C1KCT6, STM32G0C1NEY6TR, STM32G0C1RCI6N, STM32G0C1RCT6N, STM32G0C1REI6N, STM32G0C1RET6N, STM32G0C1VCI6, STM32G0C1VEI6, STM32G471CCT6, STM32G471CCU6, STM32G471CET3, STM32G471CET6, STM32G471CEU3, STM32G471CEU6, STM32G471MCT6, STM32G471MET3, STM32G471MET6, STM32G471MEY6TR, STM32G471QCT6, STM32G471QET3, STM32G471RCT6, STM32G471RET3, STM32G471RET6, STM32G471VCH6, STM32G471VCI6, STM32G471VCT6, STM32G471VEH3, STM32G471VEH6, STM32G471VEI3, STM32G471VEI6, STM32G471VET3, STM32G471VET6, STM32G474CCT6, STM32H503CBT6, STM32H503CBU6, STM32H503EBY6TR, STM32H503KBU6, STM32H503RBT6, STM32H562AGI6, STM32H562AII6, STM32H562IGK6, STM32H562IGT6, STM32H562IIK6, STM32H562IIT6, STM32H562RGT6, STM32H562RGV6, STM32H562RIT6, STM32H562RIV6, STM32H562VGT6, STM32H562VIT6, STM32H562ZGT6, STM32H562ZIT6, STM32H563AGI6, STM32H563AII3Q, STM32H563AII6, STM32H563IGK6, STM32H563IGT6, STM32H563IIK3Q, STM32H563IIK6, STM32H563IIT3Q, STM32H563IIT6, STM32H563MIY3QTR, STM32H563RGT6, STM32H563RGV6, STM32H563RIT6, STM32H563RIV6, STM32H563VGT6, STM32H563VIT3Q, STM32H563VIT6, STM32H563ZGT6, STM32H563ZIT3Q, STM32H563ZIT6, STM32H573AII3Q, STM32H573AII6, STM32H573I-DK, STM32H573IIK3Q, STM32H573IIK6, STM32H573IIT3Q, STM32H573IIT6, STM32H573MIY3QTR, STM32H573RIT6, STM32H573RIV6, STM32H573VIT3Q, STM32H573VIT6, STM32H573ZIT3Q, STM32H573ZIT6, STM32L4R5QGI6STR, STM32MP131AAE3, STM32MP131AAF3, STM32MP131AAG3, STM32MP131CAE3, STM32MP131CAF3, STM32MP131CAG3, STM32MP131DAE7, STM32MP131DAF7, STM32MP131DAG7, STM32MP131FAE7, STM32MP131FAF7, STM32MP131FAG7, STM32MP133AAE3, STM32MP133AAF3, STM32MP133AAG3, STM32MP133CAE3, STM32MP133CAF3, STM32MP133CAG3, STM32MP133DAE7, STM32MP133DAF7, STM32MP133DAG7, STM32MP133FAE7, STM32MP133FAF7, STM32MP133FAG7, STM32MP135AAE3, STM32MP135AAF3, STM32MP135AAG3, STM32MP135CAE3, STM32MP135CAF3, STM32MP135CAG3, STM32MP135DAE7, STM32MP135DAF7, STM32MP135DAG7, STM32MP135F-DK, STM32MP135FAE7, STM32MP135FAF7, STM32MP135FAF7T, STM32MP135FAF7U, STM32MP135FAG7, STM32U535CBT6, STM32U535CBT6Q, STM32U535CBU6, STM32U535CBU6Q, STM32U535CCT6, STM32U535CCT6Q, STM32U535CCU6, STM32U535CCU6Q, STM32U535CET6, STM32U535CET6Q, STM32U535CEU6, STM32U535CEU6Q, STM32U535JEY6QTR, STM32U535NCY6QTR, STM32U535NEY6QTR, STM32U535RBI6, STM32U535RBI6Q, STM32U535RBT6, STM32U535RBT6Q, STM32U535RCI6, STM32U535RCI6Q, STM32U535RCT6, STM32U535RCT6Q, STM32U535REI6, STM32U535REI6Q, STM32U535RET6, STM32U535RET6Q, STM32U535VCI6, STM32U535VCI6Q, STM32U535VCT6, STM32U535VCT6Q, STM32U535VEI6, STM32U535VEI6Q, STM32U535VET6, STM32U535VET6Q, STM32U545CET6, STM32U545CET6Q, STM32U545CEU6, STM32U545CEU6Q, STM32U545JEY6QTR, STM32U545NEY6QTR, STM32U545REI6, STM32U545REI6Q, STM32U545RET6, STM32U545RET6Q, STM32U545VEI6, STM32U545VEI6Q, STM32U545VET6, STM32U545VET6Q, STM32U595AIH6, STM32U595AIH6Q, STM32U595AJH6, STM32U595AJH6Q, STM32U595QII6, STM32U595QII6Q, STM32U595QJI6, STM32U595QJI6Q, STM32U595RIT6, STM32U595RIT6Q, STM32U595RJT6, STM32U595RJT6Q, STM32U595VIT6, STM32U595VIT6Q, STM32U595VJT6, STM32U595VJT6Q, STM32U595ZIT6, STM32U595ZIT6Q, STM32U595ZIY6QTR, STM32U595ZJT6, STM32U595ZJT6Q, STM32U595ZJY6QTR, STM32U599BJY6QTR, STM32U599NIH6Q, STM32U599NJH6Q, STM32U599VIT6Q, STM32U599VJT6, STM32U599VJT6Q, STM32U599ZIT6Q, STM32U599ZIY6QTR, STM32U599ZJT6Q, STM32U599ZJY6QTR, STM32U5A5AJH6, STM32U5A5AJH6Q, STM32U5A5QJI6, STM32U5A5QJI6Q, STM32U5A5RJT6, STM32U5A5RJT6Q, STM32U5A5VJT6, STM32U5A5VJT6Q, STM32U5A5ZJT6, STM32U5A5ZJT6Q, STM32U5A5ZJY6QTR, STM32U5A9BJY6QTR, STM32U5A9J-DK, STM32U5A9NJH6Q, STM32U5A9VJT6Q, STM32U5A9ZJT6Q, STM32U5A9ZJY6QTR, STM32WB1MMCH6, STM32WBA52CEU6, STM32WBA52CEU6T, STM32WBA52CGU6, STM32WBA52CGU6T, STM32WL5MOCH6, STM32WL5MOCH6TR]
2023-05-07 12:16:27,088 [INFO] DbMcus:216 - Found 3775 MCUs, 3775 are supported
2023-05-07 12:16:27,088 [INFO] ApiDb:423 - Load user favorites file C:\Users\Ansel/.stm32cubeide/favorites.mcus.txt: 0 item(s)
2023-05-07 12:16:27,088 [INFO] ApiDb:427 - User favorites MCUs=[]
2023-05-07 12:16:27,088 [INFO] DbMcus:222 - Set 0 / 0 favorites MCUs
2023-05-07 12:16:27,385 [INFO] ApiDb:668 - CubeFinder database Data Model version=2.1
2023-05-07 12:16:27,385 [INFO] ApiDb:669 - CubeFinder database Configuration version=3.0.35
2023-05-07 12:16:27,385 [INFO] ApiDb:670 - CubeFinder database generation date=2023-04-03 (1680511692)
2023-05-07 12:16:27,385 [INFO] ApiDb:671 - CubeFinder database FW Pack versions=[FP-ATR-ASTRA1_V2.0.0, STM32Cube_FW_C0_V1.0.1, STM32Cube_FW_F0_V1.11.4, STM32Cube_FW_F3_V1.11.4, STM32Cube_FW_F4_V1.27.1, STM32Cube_FW_F7_V1.17.0, STM32Cube_FW_G0_V1.6.1, STM32Cube_FW_G4_V1.5.1, STM32Cube_FW_H5_V0.5.1, STM32Cube_FW_H5_V1.0.0, STM32Cube_FW_H7_V1.11.0, STM32Cube_FW_L0_V1.12.2, STM32Cube_FW_L5_V1.5.0, STM32Cube_FW_U5_V1.2.0, STM32Cube_FW_WBA_V1.0.0, STM32Cube_FW_WBA_V1.0.0RC1, STM32Cube_FW_WBA_V1.0.0RC3, STM32Cube_FW_WB_V1.15.0RC1, STM32Cube_FW_WB_V1.16.0, STM32Cube_FW_WB_V1.16.0RC2, STM32Cube_FW_WL_V1.3.0, X-CUBE-ALGOBUILD_V1.3.0, X-CUBE-ALS_V1.0.1, X-CUBE-AZRTOS-F4_V1.1.0, X-CUBE-AZRTOS-F7_V1.1.0, X-CUBE-AZRTOS-G0_V1.1.0, X-CUBE-AZRTOS-G4_V1.0.0, X-CUBE-AZRTOS-H7_V3.0.0, X-CUBE-AZRTOS-L4_V1.0.0, X-CUBE-AZRTOS-L5_V1.1.0, X-CUBE-AZRTOS-WB_V1.1.0, X-CUBE-AZRTOS-WL_V1.0.0, X-CUBE-BLE1_V6.2.4, X-CUBE-BLE2_V3.3.0, X-CUBE-BLEMGR_V1.3.0, X-CUBE-EEPRMA1_V4.1.0, X-CUBE-FREERTOS_V1.0.1, X-CUBE-GNSS1_V6.0.0, X-CUBE-MEMS1_V9.1.0, X-CUBE-MEMS1_V9.4.0, X-CUBE-MEMS1_V9.5.0, X-CUBE-NFC4_V3.0.0, X-CUBE-NFC7_V1.0.0, X-CUBE-SFXS2LP1_V4.0.0, X-CUBE-SUBG2_V5.0.0]
2023-05-07 12:16:27,448 [INFO] DbBoardsSqlite:226 - include board P-NUCLEO-WB55-NUCLEO as a kit item of type 'Nucleo-64'
2023-05-07 12:16:27,448 [INFO] DbBoardsSqlite:226 - include board P-NUCLEO-WB55-USBDONGLE as a kit item of type 'Nucleo USB Dongle'
2023-05-07 12:16:27,448 [INFO] DbBoardsSqlite:226 - include board STEVAL-IDP005V1 as a kit item of type 'Evaluation Board'
2023-05-07 12:16:27,448 [INFO] DbBoardsSqlite:226 - include board STEVAL-IDP005V2 as a kit item of type 'Evaluation Board'
2023-05-07 12:16:27,510 [INFO] ApiDb:240 - Found 297 in-development CPN: [B-G473E-ZEST1S, B-WB1M-WPAN1, B-WL5M-SUBG1, NUCLEO-C031C6, NUCLEO-H503RB, NUCLEO-H563ZI, NUCLEO-U545RE-Q, NUCLEO-U5A5ZJ-Q, NUCLEO-WBA52CG, STEVAL-PROTEUS1, STEVAL-STWINBX1, STM320518-EVAL, STM32C0116-DK, STM32C011D6Y3TR, STM32C011D6Y6TR, STM32C011F4P3, STM32C011F4P6, STM32C011F4U3, STM32C011F4U6TR, STM32C011F6P3, STM32C011F6P6, STM32C011F6U3, STM32C011F6U6TR, STM32C011J4M3, STM32C011J4M6, STM32C011J6M3, STM32C011J6M6, STM32C0316-DK, STM32C031C4T3, STM32C031C4T6, STM32C031C4U3, STM32C031C4U6, STM32C031C6T3, STM32C031C6T6, STM32C031C6U3, STM32C031C6U6, STM32C031F4P3, STM32C031F4P6, STM32C031F6P3, STM32C031F6P6, STM32C031G4U3, STM32C031G4U6, STM32C031G6U3, STM32C031G6U6, STM32C031K4T3, STM32C031K4T6, STM32C031K4U3, STM32C031K4U6, STM32C031K6T3, STM32C031K6T6, STM32C031K6U3, STM32C031K6U6, STM32G071K8TXN, STM32G071K8UXN, STM32G081GBU6N, STM32G081KBT6N, STM32G081KBUXN, STM32G0B1CCT6N, STM32G0B1KCT6, STM32G0B1NEY6TR, STM32G0B1RCT6N, STM32G0C1CCT6, STM32G0C1CCT6N, STM32G0C1CCU6N, STM32G0C1CET6N, STM32G0C1CEU6N, STM32G0C1KCT6, STM32G0C1NEY6TR, STM32G0C1RCI6N, STM32G0C1RCT6N, STM32G0C1REI6N, STM32G0C1RET6N, STM32G0C1VCI6, STM32G0C1VEI6, STM32G471CCT6, STM32G471CCU6, STM32G471CET3, STM32G471CET6, STM32G471CEU3, STM32G471CEU6, STM32G471MCT6, STM32G471MET3, STM32G471MET6, STM32G471MEY6TR, STM32G471QCT6, STM32G471QET3, STM32G471RCT6, STM32G471RET3, STM32G471RET6, STM32G471VCH6, STM32G471VCI6, STM32G471VCT6, STM32G471VEH3, STM32G471VEH6, STM32G471VEI3, STM32G471VEI6, STM32G471VET3, STM32G471VET6, STM32G474CCT6, STM32H503CBT6, STM32H503CBU6, STM32H503EBY6TR, STM32H503KBU6, STM32H503RBT6, STM32H562AGI6, STM32H562AII6, STM32H562IGK6, STM32H562IGT6, STM32H562IIK6, STM32H562IIT6, STM32H562RGT6, STM32H562RGV6, STM32H562RIT6, STM32H562RIV6, STM32H562VGT6, STM32H562VIT6, STM32H562ZGT6, STM32H562ZIT6, STM32H563AGI6, STM32H563AII3Q, STM32H563AII6, STM32H563IGK6, STM32H563IGT6, STM32H563IIK3Q, STM32H563IIK6, STM32H563IIT3Q, STM32H563IIT6, STM32H563MIY3QTR, STM32H563RGT6, STM32H563RGV6, STM32H563RIT6, STM32H563RIV6, STM32H563VGT6, STM32H563VIT3Q, STM32H563VIT6, STM32H563ZGT6, STM32H563ZIT3Q, STM32H563ZIT6, STM32H573AII3Q, STM32H573AII6, STM32H573I-DK, STM32H573IIK3Q, STM32H573IIK6, STM32H573IIT3Q, STM32H573IIT6, STM32H573MIY3QTR, STM32H573RIT6, STM32H573RIV6, STM32H573VIT3Q, STM32H573VIT6, STM32H573ZIT3Q, STM32H573ZIT6, STM32L4R5QGI6STR, STM32MP131AAE3, STM32MP131AAF3, STM32MP131AAG3, STM32MP131CAE3, STM32MP131CAF3, STM32MP131CAG3, STM32MP131DAE7, STM32MP131DAF7, STM32MP131DAG7, STM32MP131FAE7, STM32MP131FAF7, STM32MP131FAG7, STM32MP133AAE3, STM32MP133AAF3, STM32MP133AAG3, STM32MP133CAE3, STM32MP133CAF3, STM32MP133CAG3, STM32MP133DAE7, STM32MP133DAF7, STM32MP133DAG7, STM32MP133FAE7, STM32MP133FAF7, STM32MP133FAG7, STM32MP135AAE3, STM32MP135AAF3, STM32MP135AAG3, STM32MP135CAE3, STM32MP135CAF3, STM32MP135CAG3, STM32MP135DAE7, STM32MP135DAF7, STM32MP135DAG7, STM32MP135F-DK, STM32MP135FAE7, STM32MP135FAF7, STM32MP135FAF7T, STM32MP135FAF7U, STM32MP135FAG7, STM32U535CBT6, STM32U535CBT6Q, STM32U535CBU6, STM32U535CBU6Q, STM32U535CCT6, STM32U535CCT6Q, STM32U535CCU6, STM32U535CCU6Q, STM32U535CET6, STM32U535CET6Q, STM32U535CEU6, STM32U535CEU6Q, STM32U535JEY6QTR, STM32U535NCY6QTR, STM32U535NEY6QTR, STM32U535RBI6, STM32U535RBI6Q, STM32U535RBT6, STM32U535RBT6Q, STM32U535RCI6, STM32U535RCI6Q, STM32U535RCT6, STM32U535RCT6Q, STM32U535REI6, STM32U535REI6Q, STM32U535RET6, STM32U535RET6Q, STM32U535VCI6, STM32U535VCI6Q, STM32U535VCT6, STM32U535VCT6Q, STM32U535VEI6, STM32U535VEI6Q, STM32U535VET6, STM32U535VET6Q, STM32U545CET6, STM32U545CET6Q, STM32U545CEU6, STM32U545CEU6Q, STM32U545JEY6QTR, STM32U545NEY6QTR, STM32U545REI6, STM32U545REI6Q, STM32U545RET6, STM32U545RET6Q, STM32U545VEI6, STM32U545VEI6Q, STM32U545VET6, STM32U545VET6Q, STM32U595AIH6, STM32U595AIH6Q, STM32U595AJH6, STM32U595AJH6Q, STM32U595QII6, STM32U595QII6Q, STM32U595QJI6, STM32U595QJI6Q, STM32U595RIT6, STM32U595RIT6Q, STM32U595RJT6, STM32U595RJT6Q, STM32U595VIT6, STM32U595VIT6Q, STM32U595VJT6, STM32U595VJT6Q, STM32U595ZIT6, STM32U595ZIT6Q, STM32U595ZIY6QTR, STM32U595ZJT6, STM32U595ZJT6Q, STM32U595ZJY6QTR, STM32U599BJY6QTR, STM32U599NIH6Q, STM32U599NJH6Q, STM32U599VIT6Q, STM32U599VJT6, STM32U599VJT6Q, STM32U599ZIT6Q, STM32U599ZIY6QTR, STM32U599ZJT6Q, STM32U599ZJY6QTR, STM32U5A5AJH6, STM32U5A5AJH6Q, STM32U5A5QJI6, STM32U5A5QJI6Q, STM32U5A5RJT6, STM32U5A5RJT6Q, STM32U5A5VJT6, STM32U5A5VJT6Q, STM32U5A5ZJT6, STM32U5A5ZJT6Q, STM32U5A5ZJY6QTR, STM32U5A9BJY6QTR, STM32U5A9J-DK, STM32U5A9NJH6Q, STM32U5A9VJT6Q, STM32U5A9ZJT6Q, STM32U5A9ZJY6QTR, STM32WB1MMCH6, STM32WBA52CEU6, STM32WBA52CEU6T, STM32WBA52CGU6, STM32WBA52CGU6T, STM32WL5MOCH6, STM32WL5MOCH6TR]
2023-05-07 12:16:27,651 [INFO] BoardInfo:880 - No configuration file found for board P-NUCLEO-WB55
2023-05-07 12:16:27,651 [INFO] DbBoards:157 - Kit is not supported: P-NUCLEO-WB55
2023-05-07 12:16:27,651 [INFO] BoardInfo:880 - No configuration file found for board STEVAL-BFA001V1B
2023-05-07 12:16:27,651 [INFO] DbBoards:157 - Kit is not supported: STEVAL-BFA001V1B
2023-05-07 12:16:27,651 [INFO] BoardInfo:880 - No configuration file found for board STEVAL-BFA001V2B
2023-05-07 12:16:27,651 [INFO] DbBoards:157 - Kit is not supported: STEVAL-BFA001V2B
2023-05-07 12:16:27,791 [INFO] DbBoards:161 - Found 187 boards, 184 are supported
2023-05-07 12:16:27,807 [INFO] ApiDb:423 - Load user favorites file C:\Users\Ansel/.stm32cubeide/favorites.boards.txt: 0 item(s)
2023-05-07 12:16:27,807 [INFO] ApiDb:427 - User favorites Boards=[]
2023-05-07 12:16:27,807 [INFO] DbBoards:190 - Set 0 / 0 favorites Boards
2023-05-07 12:16:27,807 [INFO] ApiDb:668 - CubeFinder database Data Model version=2.1
2023-05-07 12:16:27,807 [INFO] ApiDb:669 - CubeFinder database Configuration version=3.0.35
2023-05-07 12:16:27,807 [INFO] ApiDb:670 - CubeFinder database generation date=2023-04-03 (1680511692)
2023-05-07 12:16:27,807 [INFO] ApiDb:671 - CubeFinder database FW Pack versions=[FP-ATR-ASTRA1_V2.0.0, STM32Cube_FW_C0_V1.0.1, STM32Cube_FW_F0_V1.11.4, STM32Cube_FW_F3_V1.11.4, STM32Cube_FW_F4_V1.27.1, STM32Cube_FW_F7_V1.17.0, STM32Cube_FW_G0_V1.6.1, STM32Cube_FW_G4_V1.5.1, STM32Cube_FW_H5_V0.5.1, STM32Cube_FW_H5_V1.0.0, STM32Cube_FW_H7_V1.11.0, STM32Cube_FW_L0_V1.12.2, STM32Cube_FW_L5_V1.5.0, STM32Cube_FW_U5_V1.2.0, STM32Cube_FW_WBA_V1.0.0, STM32Cube_FW_WBA_V1.0.0RC1, STM32Cube_FW_WBA_V1.0.0RC3, STM32Cube_FW_WB_V1.15.0RC1, STM32Cube_FW_WB_V1.16.0, STM32Cube_FW_WB_V1.16.0RC2, STM32Cube_FW_WL_V1.3.0, X-CUBE-ALGOBUILD_V1.3.0, X-CUBE-ALS_V1.0.1, X-CUBE-AZRTOS-F4_V1.1.0, X-CUBE-AZRTOS-F7_V1.1.0, X-CUBE-AZRTOS-G0_V1.1.0, X-CUBE-AZRTOS-G4_V1.0.0, X-CUBE-AZRTOS-H7_V3.0.0, X-CUBE-AZRTOS-L4_V1.0.0, X-CUBE-AZRTOS-L5_V1.1.0, X-CUBE-AZRTOS-WB_V1.1.0, X-CUBE-AZRTOS-WL_V1.0.0, X-CUBE-BLE1_V6.2.4, X-CUBE-BLE2_V3.3.0, X-CUBE-BLEMGR_V1.3.0, X-CUBE-EEPRMA1_V4.1.0, X-CUBE-FREERTOS_V1.0.1, X-CUBE-GNSS1_V6.0.0, X-CUBE-MEMS1_V9.1.0, X-CUBE-MEMS1_V9.4.0, X-CUBE-MEMS1_V9.5.0, X-CUBE-NFC4_V3.0.0, X-CUBE-NFC7_V1.0.0, X-CUBE-SFXS2LP1_V4.0.0, X-CUBE-SUBG2_V5.0.0]
2023-05-07 12:16:28,876 [INFO] DbExamplesSqlite:376 - Ignored 46 examples not supported by CubeIDE
2023-05-07 12:16:28,876 [INFO] DbExamplesSqlite:377 - Found 7336 examples active
2023-05-07 12:16:28,876 [INFO] DbExamplesSqlite:378 - Found 1095 examples obsolete
2023-05-07 12:16:28,876 [INFO] DbExamplesSqlite:379 - Found 0 examples under development
2023-05-07 12:16:28,876 [INFO] DbExamplesSqlite:380 - Found 77 examples not building
2023-05-07 12:16:28,892 [INFO] DbExamples:125 - Found 7367 examples
2023-05-07 12:16:28,892 [INFO] DbExamples:222 - Found 92 boards with related examples
2023-05-07 12:16:28,892 [INFO] DbExamples:235 - Found 78 MCUs with related examples
2023-05-07 12:16:28,923 [INFO] ApiDb:423 - Load user favorites file C:\Users\Ansel/.stm32cubeide/favorites.examples.txt: 0 item(s)
2023-05-07 12:16:28,923 [INFO] ApiDb:427 - User favorites Examples=[]
2023-05-07 12:16:28,923 [INFO] DbExamples:250 - Set 0 / 0 favorites Examples
2023-05-07 12:16:29,142 [INFO] McuFinderGlobals:66 - Set McuFinderConnectedMode to true
2023-05-07 12:16:29,157 [INFO] MultiScanPanel:200 - Auto-refresh data requested => check proxy status ongoing
2023-05-07 12:16:29,157 [INFO] FinderPluginLoader:95 - Searching for filters in installed packs
2023-05-07 12:16:31,096 [INFO] LoadUrlFilesThread:185 - End of LoadServerUrlFiles without Thread
2023-05-07 12:16:31,112 [INFO] DetailPanel:341 - Set advertising image to C:/Users/Ansel/STM32Cube/Repository/\en.prom-stm32h5-mcu-finder.jpg
2023-05-07 12:17:22,246 [INFO] MainUpdater:2854 - connection check result : 10
2023-05-07 12:17:22,246 [INFO] MainUpdater:2854 - connection check result : 10
2023-05-07 12:17:22,261 [INFO] MicroXplorer:468 - Change Database Path : 
2023-05-07 12:17:22,261 [INFO] MicroXplorer:498 - Change Database Version : DB.6.0.81
2023-05-07 12:17:22,261 [WARN] ThirdParty:871 - waiting for thirdparty lock release [close project]
2023-05-07 12:17:22,261 [INFO] ThirdParty:873 - entering critical section [close project]
2023-05-07 12:17:22,261 [INFO] ThirdParty:883 - exiting critical section [close project]
2023-05-07 12:17:22,277 [INFO] PinOutPanel:1499 - setPackage(No Configuration,No Configuration)
2023-05-07 12:17:22,277 [INFO] UtilMem:75 - Begin LoadConfig() Used Memory: 508019800 Bytes (618659840)
2023-05-07 12:17:24,385 [INFO] ServerAccessManage:473 - Download File stm32cube_db_v6070.zip
2023-05-07 12:17:33,321 [INFO] FileExtend:240 - Unzip File : stm32cube_db_v6070.zip
2023-05-07 12:17:33,321 [INFO] FileExtend:255 - Standard Zip Deflate
2023-05-07 12:17:36,643 [INFO] LoadServerPackagesThread:196 - End of LoadServerPackages Thread
2023-05-07 12:17:36,818 [INFO] CheckServerUpdateThread:120 - End of CheckServer Thread
2023-05-07 12:17:37,209 [INFO] ServerAccessManage:473 - Download File stm32cube_fw_l0_v1120.zip
2023-05-07 12:17:51,431 [ERROR] FileExtend:455 - File entry not found
2023-05-07 12:17:51,431 [INFO] FileExtend:240 - Unzip File : stm32cube_fw_l0_v1120.zip
2023-05-07 12:17:51,431 [INFO] FileExtend:255 - Standard Zip Deflate
2023-05-07 12:18:05,148 [INFO] ServerAccessManage:473 - Download File stm32cube_fw_l0_v1121.zip
2023-05-07 12:18:11,690 [INFO] FileExtend:240 - Unzip File : stm32cube_fw_l0_v1121.zip
2023-05-07 12:18:11,690 [INFO] FileExtend:255 - Standard Zip Deflate
2023-05-07 12:18:22,670 [WARN] LoadServerPackagesThread:1331 - Error 1st try while moving folder into repository: C:\Users\Ansel\STM32Cube\Repository\STM32Cube_FW_L0_V1.12.1
2023-05-07 12:18:27,673 [WARN] LoadServerPackagesThread:1335 - Error 2nd try while moving folder into repository 
2023-05-07 12:18:32,678 [WARN] LoadServerPackagesThread:1411 - Error while moving folder into repository C:\Users\Ansel\STM32Cube\Repository\TMPUPD_17985929984470096142\STM32Cube_FW_L0_V1.12.0 -> C:\Users\Ansel\STM32Cube\Repository\STM32Cube_FW_L0_V1.12.1
2023-05-07 12:18:34,368 [INFO] LoadServerPackagesThread:196 - End of LoadServerPackages Thread
2023-05-07 12:18:34,526 [INFO] CheckServerUpdateThread:120 - End of CheckServer Thread
2023-05-07 12:18:34,541 [INFO] MicroXplorer:468 - Change Database Path : C:/Users/Ansel/.stm32cubemx/databases/DB.6.0.70/db/
2023-05-07 12:18:34,541 [INFO] MicroXplorer:498 - Change Database Version : DB.6.0.70
2023-05-07 12:18:34,541 [INFO] OpenFileManager:308 - Change cursor
2023-05-07 12:18:34,572 [INFO] Mcu:1937 - Initializing MCU STM32L011F(3-4)Ux STM32L011F4Ux STM32L011F4U3TR
2023-05-07 12:18:35,315 [INFO] Context:659 - Trying to add GPIOservice into a context  which must be forbidden
2023-05-07 12:18:35,898 [INFO] RtosManager:555 - Registered RTOS mode: class=CMSIS, group=RTOS, mode=CMSIS_V1, owner=FREERTOS
2023-05-07 12:18:35,898 [INFO] RtosManager:555 - Registered RTOS mode: class=CMSIS, group=RTOS2, mode=CMSIS_V2, owner=FREERTOS
2023-05-07 12:18:35,898 [INFO] RtosManager:555 - Registered RTOS mode: class=RTOS, group=Core, mode=CMSIS_V1, owner=FREERTOS
2023-05-07 12:18:35,898 [INFO] RtosManager:555 - Registered RTOS mode: class=RTOS, group=Core, mode=CMSIS_V2, owner=FREERTOS
2023-05-07 12:18:35,898 [WARN] ModelIntegratedComponent:184 - Missing modes for component STMicroelectronics:FreeRTOS:0.0.1:STMicroelectronics:RTOS:FreeRTOS:Core:::10.2.0:
2023-05-07 12:18:35,914 [WARN] ModelIntegratedComponent:63 - No mode defined for component null
2023-05-07 12:18:35,914 [WARN] ModelIntegratedComponent:63 - No mode defined for component null
2023-05-07 12:18:35,914 [WARN] ModelIntegratedComponent:63 - No mode defined for component null
2023-05-07 12:18:35,914 [WARN] ModelIntegratedComponent:63 - No mode defined for component null
2023-05-07 12:18:35,914 [WARN] ModelIntegratedComponent:63 - No mode defined for component null
2023-05-07 12:18:35,914 [WARN] ModelIntegratedComponent:63 - No mode defined for component null
2023-05-07 12:18:35,914 [WARN] ModelIntegratedComponent:63 - No mode defined for component null
2023-05-07 12:18:35,914 [WARN] ModelIntegratedComponent:63 - No mode defined for component null
2023-05-07 12:18:35,914 [WARN] ModelIntegratedComponent:63 - No mode defined for component null
2023-05-07 12:18:35,914 [WARN] ModelIntegratedComponent:63 - No mode defined for component null
2023-05-07 12:18:35,914 [WARN] ModelIntegratedComponent:63 - No mode defined for component null
2023-05-07 12:18:35,914 [WARN] ModelIntegratedComponent:63 - No mode defined for component null
2023-05-07 12:18:35,914 [WARN] ModelIntegratedComponent:63 - No mode defined for component null
2023-05-07 12:18:35,914 [WARN] ModelIntegratedComponent:63 - No mode defined for component null
2023-05-07 12:18:35,914 [WARN] ModelIntegratedComponent:63 - No mode defined for component null
2023-05-07 12:18:35,914 [WARN] ModelIntegratedComponent:63 - No mode defined for component null
2023-05-07 12:18:35,914 [WARN] ModelIntegratedComponent:63 - No mode defined for component null
2023-05-07 12:18:35,914 [WARN] ModelIntegratedComponent:63 - No mode defined for component null
2023-05-07 12:18:35,914 [WARN] ModelIntegratedComponent:63 - No mode defined for component null
2023-05-07 12:18:35,914 [WARN] ModelIntegratedComponent:63 - No mode defined for component null
2023-05-07 12:18:35,914 [WARN] ModelIntegratedComponent:63 - No mode defined for component null
2023-05-07 12:18:35,914 [WARN] ModelIntegratedComponent:63 - No mode defined for component null
2023-05-07 12:18:35,914 [WARN] ModelIntegratedComponent:63 - No mode defined for component null
2023-05-07 12:18:35,914 [WARN] ModelIntegratedComponent:63 - No mode defined for component null
2023-05-07 12:18:35,914 [WARN] ModelIntegratedComponent:63 - No mode defined for component null
2023-05-07 12:18:35,914 [WARN] ModelIntegratedComponent:63 - No mode defined for component null
2023-05-07 12:18:35,914 [WARN] ModelIntegratedComponent:63 - No mode defined for component null
2023-05-07 12:18:35,914 [WARN] ModelIntegratedComponent:63 - No mode defined for component null
2023-05-07 12:18:35,914 [WARN] ModelIntegratedComponent:63 - No mode defined for component null
2023-05-07 12:18:35,914 [WARN] ModelIntegratedComponent:63 - No mode defined for component null
2023-05-07 12:18:35,914 [WARN] ModelIntegratedComponent:63 - No mode defined for component null
2023-05-07 12:18:35,914 [WARN] ModelIntegratedComponent:63 - No mode defined for component null
2023-05-07 12:18:35,914 [WARN] ModelIntegratedComponent:63 - No mode defined for component null
2023-05-07 12:18:35,945 [INFO] ThirdPartyModel:298 - Start build external matchings
2023-05-07 12:18:36,698 [INFO] ThirdPartyModel:316 - End build external matchings
2023-05-07 12:18:36,730 [INFO] ImportTextPane:194 - (OptionalMessage_ERROR) IP (DMA) : Parameter (Instance) has Id (ADC) currently not set
2023-05-07 12:18:36,730 [INFO] ImportTextPane:194 - (OptionalMessage_ERROR) IP (DMA) : Parameter (Request) has Id (ADC) currently not set
2023-05-07 12:18:36,730 [INFO] ImportTextPane:194 - (OptionalMessage_ERROR) IP (DMA) : Parameter (Direction) has Id (ADC) currently not set
2023-05-07 12:18:36,730 [INFO] ImportTextPane:194 - (OptionalMessage_ERROR) IP (DMA) : Parameter (PeriphInc) has Id (ADC) currently not set
2023-05-07 12:18:36,730 [INFO] ImportTextPane:194 - (OptionalMessage_ERROR) IP (DMA) : Parameter (MemInc) has Id (ADC) currently not set
2023-05-07 12:18:36,730 [INFO] ImportTextPane:194 - (OptionalMessage_ERROR) IP (DMA) : Parameter (PeriphDataAlignment) has Id (ADC) currently not set
2023-05-07 12:18:36,730 [INFO] ImportTextPane:194 - (OptionalMessage_ERROR) IP (DMA) : Parameter (MemDataAlignment) has Id (ADC) currently not set
2023-05-07 12:18:36,730 [INFO] ImportTextPane:194 - (OptionalMessage_ERROR) IP (DMA) : Parameter (Mode) has Id (ADC) currently not set
2023-05-07 12:18:36,730 [INFO] ImportTextPane:194 - (OptionalMessage_ERROR) IP (DMA) : Parameter (Priority) has Id (ADC) currently not set
2023-05-07 12:18:36,730 [INFO] ImportTextPane:194 - (OptionalMessage_ERROR) IP (DMA) : Parameter (Instance) has Id (USART2_RX) currently not set
2023-05-07 12:18:36,730 [INFO] ImportTextPane:194 - (OptionalMessage_ERROR) IP (DMA) : Parameter (Request) has Id (USART2_RX) currently not set
2023-05-07 12:18:36,730 [INFO] ImportTextPane:194 - (OptionalMessage_ERROR) IP (DMA) : Parameter (Direction) has Id (USART2_RX) currently not set
2023-05-07 12:18:36,730 [INFO] ImportTextPane:194 - (OptionalMessage_ERROR) IP (DMA) : Parameter (PeriphInc) has Id (USART2_RX) currently not set
2023-05-07 12:18:36,730 [INFO] ImportTextPane:194 - (OptionalMessage_ERROR) IP (DMA) : Parameter (MemInc) has Id (USART2_RX) currently not set
2023-05-07 12:18:36,730 [INFO] ImportTextPane:194 - (OptionalMessage_ERROR) IP (DMA) : Parameter (PeriphDataAlignment) has Id (USART2_RX) currently not set
2023-05-07 12:18:36,730 [INFO] ImportTextPane:194 - (OptionalMessage_ERROR) IP (DMA) : Parameter (MemDataAlignment) has Id (USART2_RX) currently not set
2023-05-07 12:18:36,730 [INFO] ImportTextPane:194 - (OptionalMessage_ERROR) IP (DMA) : Parameter (Mode) has Id (USART2_RX) currently not set
2023-05-07 12:18:36,730 [INFO] ImportTextPane:194 - (OptionalMessage_ERROR) IP (DMA) : Parameter (Priority) has Id (USART2_RX) currently not set
2023-05-07 12:18:36,730 [INFO] ImportTextPane:194 - (OptionalMessage_ERROR) IP (DMA) : Parameter (Instance) has Id (USART2_TX) currently not set
2023-05-07 12:18:36,730 [INFO] ImportTextPane:194 - (OptionalMessage_ERROR) IP (DMA) : Parameter (Request) has Id (USART2_TX) currently not set
2023-05-07 12:18:36,730 [INFO] ImportTextPane:194 - (OptionalMessage_ERROR) IP (DMA) : Parameter (Direction) has Id (USART2_TX) currently not set
2023-05-07 12:18:36,730 [INFO] ImportTextPane:194 - (OptionalMessage_ERROR) IP (DMA) : Parameter (PeriphInc) has Id (USART2_TX) currently not set
2023-05-07 12:18:36,730 [INFO] ImportTextPane:194 - (OptionalMessage_ERROR) IP (DMA) : Parameter (MemInc) has Id (USART2_TX) currently not set
2023-05-07 12:18:36,730 [INFO] ImportTextPane:194 - (OptionalMessage_ERROR) IP (DMA) : Parameter (PeriphDataAlignment) has Id (USART2_TX) currently not set
2023-05-07 12:18:36,730 [INFO] ImportTextPane:194 - (OptionalMessage_ERROR) IP (DMA) : Parameter (MemDataAlignment) has Id (USART2_TX) currently not set
2023-05-07 12:18:36,730 [INFO] ImportTextPane:194 - (OptionalMessage_ERROR) IP (DMA) : Parameter (Mode) has Id (USART2_TX) currently not set
2023-05-07 12:18:36,730 [INFO] ImportTextPane:194 - (OptionalMessage_ERROR) IP (DMA) : Parameter (Priority) has Id (USART2_TX) currently not set
2023-05-07 12:18:36,746 [INFO] ImportTextPane:194 - (OptionalMessage_ERROR) IP (RCC) : Invalid parameter (FamilyName)
2023-05-07 12:18:36,746 [INFO] ImportTextPane:194 - (OptionalMessage_ERROR) IP (RCC) : Parameter (HSE_VALUE) has invalid value (32000000)
2023-05-07 12:18:36,746 [INFO] ImportTextPane:194 - (OptionalMessage_ERROR) IP (RCC) : Invalid parameter (PWRFreq_Value)
2023-05-07 12:18:36,746 [INFO] ImportTextPane:194 - (OptionalMessage_ERROR) IP (RCC) : Parameter (RTCHSEDivFreq_Value) has invalid value (16000000)
2023-05-07 12:18:36,746 [INFO] ImportTextPane:194 - (OptionalMessage_ERROR) IP (RCC) : Invalid parameter (TIMFreq_Value)
2023-05-07 12:18:36,762 [WARN] IP:2113 - AutoBaudRateEnableParam not found: check if there is a RefParameter without a condition.
2023-05-07 12:18:36,904 [INFO] UtilMem:75 - End LoadConfig() Used Memory: 688531656 Bytes (1073741824)
2023-05-07 12:18:37,062 [WARN] ThirdParty:833 - waiting for thirdparty lock release [change project]
2023-05-07 12:18:37,062 [INFO] ThirdParty:835 - entering critical section [change project]
2023-05-07 12:18:37,062 [INFO] ThirdParty:1030 - CMSIS Pack Vendor :STMicroelectronics X-CUBE-ISPU 1.1.0
2023-05-07 12:18:37,062 [INFO] ThirdParty:1030 - CMSIS Pack Vendor :RoweBots I-CUBE-UNISONRTOS 5.5.0-4
2023-05-07 12:18:37,062 [INFO] ThirdParty:1030 - CMSIS Pack Vendor :STMicroelectronics X-CUBE-GNSS1 6.0.0
2023-05-07 12:18:37,062 [INFO] ThirdParty:1030 - CMSIS Pack Vendor :STMicroelectronics USB_HOST 2.0.0
2023-05-07 12:18:37,062 [INFO] ThirdParty:1030 - CMSIS Pack Vendor :STMicroelectronics X-CUBE-AZRTOS-F4 1.1.0
2023-05-07 12:18:37,062 [INFO] ThirdParty:1030 - CMSIS Pack Vendor :STMicroelectronics LIBJPEG 8.0.0
2023-05-07 12:18:37,062 [INFO] ThirdParty:1030 - CMSIS Pack Vendor :STMicroelectronics X-CUBE-SMBUS 2.1.0
2023-05-07 12:18:37,062 [INFO] ThirdParty:1030 - CMSIS Pack Vendor :STMicroelectronics USB_DEVICE 3.0.0
2023-05-07 12:18:37,062 [INFO] ThirdParty:1030 - CMSIS Pack Vendor :STMicroelectronics X-CUBE-AI 8.0.0
2023-05-07 12:18:37,062 [INFO] ThirdParty:1030 - CMSIS Pack Vendor :STMicroelectronics X-CUBE-FREERTOS 1.0.1
2023-05-07 12:18:37,062 [INFO] ThirdParty:1030 - CMSIS Pack Vendor :STMicroelectronics X-CUBE-TOUCHGFX 4.21.0
2023-05-07 12:18:37,062 [INFO] ThirdParty:1030 - CMSIS Pack Vendor :STMicroelectronics X-CUBE-TOUCHGFX 4.21.3
2023-05-07 12:18:37,062 [INFO] ThirdParty:1030 - CMSIS Pack Vendor :STMicroelectronics X-CUBE-AZRTOS-F7 1.1.0
2023-05-07 12:18:37,062 [INFO] ThirdParty:1030 - CMSIS Pack Vendor :STMicroelectronics X-CUBE-MEMS1 9.4.0
2023-05-07 12:18:37,062 [INFO] ThirdParty:1030 - CMSIS Pack Vendor :STMicroelectronics USB_DEVICE 2.0.0
2023-05-07 12:18:37,062 [INFO] ThirdParty:1030 - CMSIS Pack Vendor :STMicroelectronics X-CUBE-MEMS1 9.6.0
2023-05-07 12:18:37,062 [INFO] ThirdParty:1030 - CMSIS Pack Vendor :STMicroelectronics X-CUBE-AI 7.3.0
2023-05-07 12:18:37,062 [INFO] ThirdParty:1030 - CMSIS Pack Vendor :STMicroelectronics X-CUBE-ALGOBUILD 1.3.0
2023-05-07 12:18:37,062 [INFO] ThirdParty:1030 - CMSIS Pack Vendor :STMicroelectronics X-CUBE-BLE1 6.2.4
2023-05-07 12:18:37,062 [INFO] ThirdParty:1030 - CMSIS Pack Vendor :STMicroelectronics X-CUBE-AZRTOS-L5 1.1.0
2023-05-07 12:18:37,062 [INFO] ThirdParty:1030 - CMSIS Pack Vendor :STMicroelectronics FreeRTOS 0.0.1
2023-05-07 12:18:37,062 [INFO] ThirdParty:1030 - CMSIS Pack Vendor :emotas I-CUBE-CANOPEN 1.1.3
2023-05-07 12:18:37,062 [INFO] ThirdParty:1030 - CMSIS Pack Vendor :STMicroelectronics X-CUBE-AZRTOS-G0 1.1.0
2023-05-07 12:18:37,062 [INFO] ThirdParty:1030 - CMSIS Pack Vendor :STMicroelectronics X-CUBE-BLEMGR 2.0.0
2023-05-07 12:18:37,062 [INFO] ThirdParty:1030 - CMSIS Pack Vendor :STMicroelectronics X-CUBE-SUBG2 5.0.0
2023-05-07 12:18:37,062 [INFO] ThirdParty:1030 - CMSIS Pack Vendor :STMicroelectronics X-CUBE-NFC4 3.0.0
2023-05-07 12:18:37,062 [INFO] ThirdParty:1030 - CMSIS Pack Vendor :STMicroelectronics STM32_WPAN 1.0.0
2023-05-07 12:18:37,062 [INFO] ThirdParty:1030 - CMSIS Pack Vendor :STMicroelectronics lwIP 2.0.3
2023-05-07 12:18:37,062 [INFO] ThirdParty:1030 - CMSIS Pack Vendor :STMicroelectronics X-CUBE-NFC4 2.0.5
2023-05-07 12:18:37,062 [INFO] ThirdParty:1030 - CMSIS Pack Vendor :STMicroelectronics USB_HOST 1.0.0
2023-05-07 12:18:37,062 [INFO] ThirdParty:1030 - CMSIS Pack Vendor :STMicroelectronics X-CUBE-AZRTOS-G4 2.0.0
2023-05-07 12:18:37,062 [INFO] ThirdParty:1030 - CMSIS Pack Vendor :STMicroelectronics PDM2PCM 3.1.0
2023-05-07 12:18:37,062 [INFO] ThirdParty:1030 - CMSIS Pack Vendor :STMicroelectronics X-CUBE-AZRTOS-H7 3.1.0
2023-05-07 12:18:37,062 [INFO] ThirdParty:1030 - CMSIS Pack Vendor :STMicroelectronics X-CUBE-TOF1 3.3.0
2023-05-07 12:18:37,062 [INFO] ThirdParty:1030 - CMSIS Pack Vendor :STMicroelectronics FP-ATR-ASTRA1 1.1.1
2023-05-07 12:18:37,062 [INFO] ThirdParty:1030 - CMSIS Pack Vendor :STMicroelectronics PDM2PCM 3.3.0
2023-05-07 12:18:37,062 [INFO] ThirdParty:1030 - CMSIS Pack Vendor :STMicroelectronics X-CUBE-DISPLAY 3.0.0
2023-05-07 12:18:37,062 [INFO] ThirdParty:1030 - CMSIS Pack Vendor :STMicroelectronics X-CUBE-BLEMGR 1.3.0
2023-05-07 12:18:37,062 [INFO] ThirdParty:1030 - CMSIS Pack Vendor :STMicroelectronics X-CUBE-AZRTOS-G4 1.0.0
2023-05-07 12:18:37,062 [INFO] ThirdParty:1030 - CMSIS Pack Vendor :STMicroelectronics FP-ATR-SIGFOX1 3.2.0
2023-05-07 12:18:37,062 [INFO] ThirdParty:1030 - CMSIS Pack Vendor :wolfSSL I-CUBE-wolfSSL 5.5.4
2023-05-07 12:18:37,062 [INFO] ThirdParty:1030 - CMSIS Pack Vendor :STMicroelectronics X-CUBE-AZRTOS-L4 1.0.0
2023-05-07 12:18:37,062 [INFO] ThirdParty:1030 - CMSIS Pack Vendor :STMicroelectronics HAL Drivers 0.0.0
2023-05-07 12:18:37,062 [INFO] ThirdParty:1030 - CMSIS Pack Vendor :STMicroelectronics MBEDTLS 2.16.2
2023-05-07 12:18:37,062 [INFO] ThirdParty:1030 - CMSIS Pack Vendor :STMicroelectronics MBEDTLS 2.14.1
2023-05-07 12:18:37,062 [INFO] ThirdParty:1030 - CMSIS Pack Vendor :STMicroelectronics X-CUBE-NFC7 1.0.0
2023-05-07 12:18:37,062 [INFO] ThirdParty:1030 - CMSIS Pack Vendor :STMicroelectronics X-CUBE-AZRTOS-WL 1.0.0
2023-05-07 12:18:37,062 [INFO] ThirdParty:1030 - CMSIS Pack Vendor :STMicroelectronics X-CUBE-EEPRMA1 4.1.0
2023-05-07 12:18:37,062 [INFO] ThirdParty:1030 - CMSIS Pack Vendor :portGmbH I-Cube-SoM-uGOAL 1.1.0
2023-05-07 12:18:37,062 [INFO] ThirdParty:1030 - CMSIS Pack Vendor :STMicroelectronics X-CUBE-ALS 1.0.1
2023-05-07 12:18:37,062 [INFO] ThirdParty:1030 - CMSIS Pack Vendor :STMicroelectronics ThreadX 1.0.0
2023-05-07 12:18:37,062 [INFO] ThirdParty:1030 - CMSIS Pack Vendor :STMicroelectronics X-CUBE-AZRTOS-WB 1.1.0
2023-05-07 12:18:37,062 [INFO] ThirdParty:1030 - CMSIS Pack Vendor :SEGGER I-CUBE-embOS 1.3.1
2023-05-07 12:18:37,062 [INFO] ThirdParty:1030 - CMSIS Pack Vendor :STMicroelectronics USB_DEVICE 1.0.0
2023-05-07 12:18:37,062 [INFO] ThirdParty:1030 - CMSIS Pack Vendor :SEGGER I-CUBE-embOS 1.3.0
2023-05-07 12:18:37,062 [INFO] ThirdParty:1030 - CMSIS Pack Vendor :STMicroelectronics ThreadX 0.0.2
2023-05-07 12:18:37,062 [INFO] ThirdParty:1030 - CMSIS Pack Vendor :WES I-CUBE-Cesium 1.3.0
2023-05-07 12:18:37,062 [INFO] ThirdParty:1030 - CMSIS Pack Vendor :STMicroelectronics FP-ATR-ASTRA1 2.0.0
2023-05-07 12:18:37,062 [INFO] ThirdParty:1030 - CMSIS Pack Vendor :STMicroelectronics lwIP 2.1.2
2023-05-07 12:18:37,062 [INFO] ThirdParty:1030 - CMSIS Pack Vendor :STMicroelectronics X-CUBE-SFXS2LP1 4.0.0
2023-05-07 12:18:37,062 [INFO] ThirdParty:1030 - CMSIS Pack Vendor :STMicroelectronics X-CUBE-BLE2 3.3.0
2023-05-07 12:18:37,062 [INFO] ThirdParty:1030 - CMSIS Pack Vendor :STMicroelectronics X-CUBE-DISPLAY 2.2.0
2023-05-07 12:18:37,062 [INFO] ThirdParty:1030 - CMSIS Pack Vendor :STMicroelectronics X-CUBE-TOF1 3.2.0
2023-05-07 12:18:37,062 [INFO] ThirdParty:1030 - CMSIS Pack Vendor :STMicroelectronics PDM2PCM 3.2.0
2023-05-07 12:18:37,062 [INFO] ThirdParty:1030 - CMSIS Pack Vendor :STMicroelectronics X-CUBE-AZRTOS-H7 3.0.0
2023-05-07 12:18:37,062 [INFO] ThirdParty:841 - exiting critical section [change project]
2023-05-07 12:18:37,347 [INFO] PinOutPanel:1499 - setPackage(No Configuration,No Configuration)
2023-05-07 12:18:37,347 [INFO] PinOutPanel:1499 - setPackage(STM32L011F4Ux,UFQFPN20)
2023-05-07 12:18:38,375 [INFO] UtilMem:75 - Before build in PCC Used Memory: 632121816 Bytes (1073741824)
2023-05-07 12:18:39,482 [INFO] UtilMem:75 - After build in PCC Used Memory: 809314096 Bytes (1073741824)
2023-05-07 12:18:39,514 [INFO] IPUIPlugin:80 - create IPUIPlugin
2023-05-07 12:18:39,514 [INFO] IPUIPlugin:80 - create IPUIPlugin
2023-05-07 12:18:39,514 [INFO] IPUIPlugin:80 - create IPUIPlugin
2023-05-07 12:18:39,514 [INFO] IPUIPlugin:80 - create IPUIPlugin
2023-05-07 12:18:39,514 [INFO] IPUIPlugin:80 - create IPUIPlugin
2023-05-07 12:18:39,514 [INFO] IPUIPlugin:80 - create IPUIPlugin
2023-05-07 12:18:39,514 [INFO] IPUIPlugin:80 - create IPUIPlugin
2023-05-07 12:18:39,514 [INFO] IPUIPlugin:80 - create IPUIPlugin
2023-05-07 12:18:39,514 [INFO] IPUIPlugin:80 - create IPUIPlugin
2023-05-07 12:18:39,514 [INFO] IPUIPlugin:80 - create IPUIPlugin
2023-05-07 12:18:39,514 [INFO] IPUIPlugin:80 - create IPUIPlugin
2023-05-07 12:18:39,514 [INFO] IPUIPlugin:80 - create IPUIPlugin
2023-05-07 12:18:39,514 [INFO] IPUIPlugin:80 - create IPUIPlugin
2023-05-07 12:18:39,514 [INFO] IPUIPlugin:80 - create IPUIPlugin
2023-05-07 12:18:39,514 [INFO] IPUIPlugin:80 - create IPUIPlugin
2023-05-07 12:18:39,514 [INFO] IPUIPlugin:80 - create IPUIPlugin
2023-05-07 12:18:39,514 [INFO] IPUIPlugin:80 - create IPUIPlugin
2023-05-07 12:18:39,514 [INFO] IPUIPlugin:80 - create IPUIPlugin
2023-05-07 12:18:39,514 [INFO] IPUIPlugin:80 - create IPUIPlugin
2023-05-07 12:18:39,514 [INFO] IPUIPlugin:80 - create IPUIPlugin
2023-05-07 12:18:39,514 [INFO] IPUIPlugin:80 - create IPUIPlugin
2023-05-07 12:18:39,545 [WARN] IP:2113 - AutoBaudRateEnableParam not found: check if there is a RefParameter without a condition.
2023-05-07 12:18:39,783 [INFO] CADModel:165 - CPN selected for project levelSTM32L011F4U3TR
2023-05-07 12:18:39,783 [INFO] CADModel:114 - Register for checkConnection events
2023-05-07 12:18:39,862 [INFO] OpenFileManager:328 - Restore cursor
2023-05-07 12:18:40,115 [WARN] IP:2113 - AutoBaudRateEnableParam not found: check if there is a RefParameter without a condition.
2023-05-07 12:18:40,115 [WARN] IP:2113 - AutoBaudRateEnableParam not found: check if there is a RefParameter without a condition.
2023-05-07 12:24:00,323 [INFO] NvicIntPanel:101 - NVIC parent = com.st.microxplorer.plugins.ip.nvic.MultiNvicIntPanel[,0,0,0x0,invalid,layout=javax.swing.BoxLayout,alignmentX=0.0,alignmentY=0.0,border=,flags=9,maximumSize=,minimumSize=,preferredSize=]
2023-05-07 12:32:46,688 [WARN] IP:2113 - AutoBaudRateEnableParam not found: check if there is a RefParameter without a condition.
2023-05-07 12:32:46,688 [WARN] IP:2113 - AutoBaudRateEnableParam not found: check if there is a RefParameter without a condition.
2023-05-07 12:54:31,206 [WARN] IP:2113 - AutoBaudRateEnableParam not found: check if there is a RefParameter without a condition.
2023-05-07 12:54:31,206 [WARN] IP:2113 - AutoBaudRateEnableParam not found: check if there is a RefParameter without a condition.
2023-05-07 14:44:38,051 [WARN] IP:2113 - AutoBaudRateEnableParam not found: check if there is a RefParameter without a condition.
2023-05-07 14:44:38,053 [WARN] IP:2113 - AutoBaudRateEnableParam not found: check if there is a RefParameter without a condition.
2023-05-07 15:00:15,176 [ERROR] LogOutputStream:75 - [STDERR_REDIRECT] Exception in thread "AWT-EventQueue-0" org.eclipse.swt.SWTException: Device is disposed
2023-05-07 15:00:15,176 [ERROR] LogOutputStream:75 - [STDERR_REDIRECT] 	at org.eclipse.swt.SWT.error(SWT.java:4918)
2023-05-07 15:00:15,176 [ERROR] LogOutputStream:75 - [STDERR_REDIRECT] 	at org.eclipse.swt.SWT.error(SWT.java:4833)
2023-05-07 15:00:15,176 [ERROR] LogOutputStream:75 - [STDERR_REDIRECT] 	at org.eclipse.swt.SWT.error(SWT.java:4804)
2023-05-07 15:00:15,176 [ERROR] LogOutputStream:75 - [STDERR_REDIRECT] 	at org.eclipse.swt.widgets.Display.error(Display.java:1272)
2023-05-07 15:00:15,176 [ERROR] LogOutputStream:75 - [STDERR_REDIRECT] 	at org.eclipse.swt.widgets.Display.asyncExec(Display.java:789)
2023-05-07 15:00:15,192 [ERROR] LogOutputStream:75 - [STDERR_REDIRECT] 	at com.st.stm32cube.common.mx.oss.core.awtswtbridge.AwtEnvironment$2.run(AwtEnvironment.java:168)
2023-05-07 15:00:15,192 [ERROR] LogOutputStream:75 - [STDERR_REDIRECT] 	at java.desktop/java.awt.event.InvocationEvent.dispatch(InvocationEvent.java:313)
2023-05-07 15:00:15,192 [ERROR] LogOutputStream:75 - [STDERR_REDIRECT] 	at java.desktop/java.awt.EventQueue.dispatchEventImpl(EventQueue.java:770)
2023-05-07 15:00:15,192 [ERROR] LogOutputStream:75 - [STDERR_REDIRECT] 	at java.desktop/java.awt.EventQueue$4.run(EventQueue.java:721)
2023-05-07 15:00:15,192 [ERROR] LogOutputStream:75 - [STDERR_REDIRECT] 	at java.desktop/java.awt.EventQueue$4.run(EventQueue.java:715)
2023-05-07 15:00:15,192 [ERROR] LogOutputStream:75 - [STDERR_REDIRECT] 	at java.base/java.security.AccessController.doPrivileged(Native Method)
2023-05-07 15:00:15,192 [ERROR] LogOutputStream:75 - [STDERR_REDIRECT] 	at java.base/java.security.ProtectionDomain$JavaSecurityAccessImpl.doIntersectionPrivilege(ProtectionDomain.java:85)
2023-05-07 15:00:15,208 [ERROR] LogOutputStream:75 - [STDERR_REDIRECT] 	at java.desktop/java.awt.EventQueue.dispatchEvent(EventQueue.java:740)
2023-05-07 15:00:15,208 [ERROR] LogOutputStream:75 - [STDERR_REDIRECT] 	at java.desktop/java.awt.EventDispatchThread.pumpOneEventForFilters(EventDispatchThread.java:203)
2023-05-07 15:00:15,208 [ERROR] LogOutputStream:75 - [STDERR_REDIRECT] 	at java.desktop/java.awt.EventDispatchThread.pumpEventsForFilter(EventDispatchThread.java:124)
2023-05-07 15:00:15,208 [ERROR] LogOutputStream:75 - [STDERR_REDIRECT] 	at java.desktop/java.awt.EventDispatchThread.pumpEventsForHierarchy(EventDispatchThread.java:113)
2023-05-07 15:00:15,208 [ERROR] LogOutputStream:75 - [STDERR_REDIRECT] 	at java.desktop/java.awt.EventDispatchThread.pumpEvents(EventDispatchThread.java:109)
2023-05-07 15:00:15,208 [ERROR] LogOutputStream:75 - [STDERR_REDIRECT] 	at java.desktop/java.awt.EventDispatchThread.pumpEvents(EventDispatchThread.java:101)
2023-05-07 15:00:15,224 [ERROR] LogOutputStream:75 - [STDERR_REDIRECT] 	at java.desktop/java.awt.EventDispatchThread.run(EventDispatchThread.java:90)
