2023-07-18 10:19:20,130 [INFO] Activator:176 - 


2023-07-18 10:19:20,130 [INFO] Activator:177 - !SESSION log4j initialized
2023-07-18 10:19:26,790 [INFO] LogOutputStream:77 - [STDOUT_REDIRECT] 
2023-07-18 10:19:31,069 [INFO] ApplicationProperties:184 - Using Application install path: C:\ST\STM32CubeIDE_1.11.0\STM32CubeIDE\plugins\com.st.stm32cube.common.mx_6.9.0.202307051724
2023-07-18 10:19:31,095 [INFO] DbMcusXml:78 - Set database path to: C:\ST\STM32CubeIDE_1.11.0\STM32CubeIDE\plugins\com.st.stm32cube.common.mx_6.9.0.202307051724\\db\/mcu/
2023-07-18 10:19:31,096 [INFO] ApiDb:274 - Set plugin database path to: C:\ST\STM32CubeIDE_1.11.0\STM32CubeIDE\plugins\com.st.stm32cube.common.mx_6.9.0.202307051724\\db\/plugins/boardmanager/
2023-07-18 10:19:31,097 [WARN] ApiDb:259 - Overriding images path with different value:  => C:\ST\STM32CubeIDE_1.11.0\STM32CubeIDE\plugins\com.st.stm32cube.common.mx_6.9.0.202307051724\\db\/plugins/mcufinder/images/
2023-07-18 10:19:31,111 [INFO] ApiDb:250 - Set database path to: C:\Users\Ansel\.stmcufinder\plugins\mcufinder//mcu/
2023-07-18 10:19:31,112 [INFO] DbMcusAds:125 - Set database path to: C:\Users\Ansel\.stmcufinder\plugins\mcufinder//mcu/
2023-07-18 10:19:31,114 [INFO] CrossReferenceDbSqlite:203 - Set database path to: C:\Users\Ansel\.stmcufinder\plugins\mcufinder//mcu/cs/
2023-07-18 10:19:31,254 [INFO] RulesReader:64 - Compatibility file has been processed (293 Rules)
2023-07-18 10:19:31,348 [INFO] DbMcusXml:78 - Set database path to: C:\ST\STM32CubeIDE_1.11.0\STM32CubeIDE\plugins\com.st.stm32cube.common.mx_6.9.0.202307051724\\db\/mcu/
2023-07-18 10:19:31,348 [INFO] ApiDb:274 - Set plugin database path to: C:\ST\STM32CubeIDE_1.11.0\STM32CubeIDE\plugins\com.st.stm32cube.common.mx_6.9.0.202307051724\\db\/plugins/boardmanager/
2023-07-18 10:19:31,349 [INFO] ApiDb:261 - Set plugin images path to: C:\ST\STM32CubeIDE_1.11.0\STM32CubeIDE\plugins\com.st.stm32cube.common.mx_6.9.0.202307051724\\db\/plugins/mcufinder/images/
2023-07-18 10:19:31,349 [WARN] DbFile:41 - Overriding database path with different value: C:\Users\Ansel\.stmcufinder\plugins\mcufinder/ => C:\Users\Ansel\.stmcufinder\plugins\mcufinder
2023-07-18 10:19:31,349 [INFO] ApiDb:250 - Set database path to: C:\Users\Ansel\.stmcufinder\plugins\mcufinder//mcu/
2023-07-18 10:19:31,349 [WARN] DbFile:41 - Overriding database path with different value: C:\Users\Ansel\.stmcufinder\plugins\mcufinder/ => C:\Users\Ansel\.stmcufinder\plugins\mcufinder
2023-07-18 10:19:31,349 [INFO] DbMcusAds:125 - Set database path to: C:\Users\Ansel\.stmcufinder\plugins\mcufinder//mcu/
2023-07-18 10:19:31,349 [WARN] DbFile:41 - Overriding database path with different value: C:\Users\Ansel\.stmcufinder\plugins\mcufinder/ => C:\Users\Ansel\.stmcufinder\plugins\mcufinder
2023-07-18 10:19:31,350 [WARN] DbFile:41 - Overriding database path with different value: C:\Users\Ansel\.stmcufinder\plugins\mcufinder/ => C:\Users\Ansel\.stmcufinder\plugins\mcufinder
2023-07-18 10:19:31,350 [INFO] CrossReferenceDbSqlite:203 - Set database path to: C:\Users\Ansel\.stmcufinder\plugins\mcufinder//mcu/cs/
2023-07-18 10:19:31,456 [INFO] MainPanel:262 - HeapMemory: 268435456
2023-07-18 10:19:31,585 [INFO] DbMcusXml:78 - Set database path to: C:\ST\STM32CubeIDE_1.11.0\STM32CubeIDE\plugins\com.st.stm32cube.common.mx_6.9.0.202307051724\\db\/mcu/
2023-07-18 10:19:31,585 [INFO] ApiDb:274 - Set plugin database path to: C:\ST\STM32CubeIDE_1.11.0\STM32CubeIDE\plugins\com.st.stm32cube.common.mx_6.9.0.202307051724\\db\/plugins/boardmanager/
2023-07-18 10:19:31,585 [INFO] ApiDb:261 - Set plugin images path to: C:\ST\STM32CubeIDE_1.11.0\STM32CubeIDE\plugins\com.st.stm32cube.common.mx_6.9.0.202307051724\\db\/plugins/mcufinder/images/
2023-07-18 10:19:31,586 [WARN] DbFile:41 - Overriding database path with different value: C:\Users\Ansel\.stmcufinder\plugins\mcufinder/ => C:\Users\Ansel\.stmcufinder\plugins\mcufinder
2023-07-18 10:19:31,586 [INFO] ApiDb:250 - Set database path to: C:\Users\Ansel\.stmcufinder\plugins\mcufinder//mcu/
2023-07-18 10:19:31,586 [WARN] DbFile:41 - Overriding database path with different value: C:\Users\Ansel\.stmcufinder\plugins\mcufinder/ => C:\Users\Ansel\.stmcufinder\plugins\mcufinder
2023-07-18 10:19:31,586 [INFO] DbMcusAds:125 - Set database path to: C:\Users\Ansel\.stmcufinder\plugins\mcufinder//mcu/
2023-07-18 10:19:31,586 [WARN] DbFile:41 - Overriding database path with different value: C:\Users\Ansel\.stmcufinder\plugins\mcufinder/ => C:\Users\Ansel\.stmcufinder\plugins\mcufinder
2023-07-18 10:19:31,587 [WARN] DbFile:41 - Overriding database path with different value: C:\Users\Ansel\.stmcufinder\plugins\mcufinder/ => C:\Users\Ansel\.stmcufinder\plugins\mcufinder
2023-07-18 10:19:31,587 [INFO] CrossReferenceDbSqlite:203 - Set database path to: C:\Users\Ansel\.stmcufinder\plugins\mcufinder//mcu/cs/
2023-07-18 10:19:31,608 [INFO] ApplicationProperties:184 - Using Application install path: C:\ST\STM32CubeIDE_1.11.0\STM32CubeIDE\plugins\com.st.stm32cube.common.mx_6.9.0.202307051724
2023-07-18 10:19:31,610 [INFO] PluginManage:196 - Search for loadable plugins [exclusion list=, ]
2023-07-18 10:19:31,613 [INFO] PluginManage:310 - Check plugin analytics
2023-07-18 10:19:31,814 [INFO] AnalyticsPlugin:253 - Accepted Software Licenses: 
2023-07-18 10:19:31,814 [INFO] AnalyticsPlugin:255 - Accepted CMSIS Pack Licenses: 
2023-07-18 10:19:31,815 [INFO] AnalyticsPlugin:257 - Accepted Firmware Licenses: 
2023-07-18 10:19:31,819 [INFO] PluginManage:359 - Loaded plugin analytics (category:tool,tabindex:-1)
2023-07-18 10:19:31,819 [INFO] PluginManage:310 - Check plugin cadmodel
2023-07-18 10:19:33,906 [INFO] CADModel:105 - Init CAD model plugin
2023-07-18 10:19:33,906 [INFO] PluginManage:359 - Loaded plugin cadmodel (category:power,tabindex:5)
2023-07-18 10:19:33,906 [INFO] PluginManage:310 - Check plugin clock
2023-07-18 10:19:34,467 [INFO] PluginManage:359 - Loaded plugin clock (category:base,tabindex:2)
2023-07-18 10:19:34,467 [INFO] PluginManage:310 - Check plugin ddr
2023-07-18 10:19:34,469 [INFO] PluginManage:359 - Loaded plugin ddr (category:tool,tabindex:6)
2023-07-18 10:19:34,469 [INFO] PluginManage:310 - Check plugin filemanager
2023-07-18 10:19:34,591 [INFO] PluginManage:359 - Loaded plugin filemanager (category:base,tabindex:10)
2023-07-18 10:19:34,591 [INFO] PluginManage:310 - Check plugin ipmanager
2023-07-18 10:19:34,598 [INFO] PluginManage:359 - Loaded plugin ipmanager (category:base,tabindex:5)
2023-07-18 10:19:34,598 [INFO] PluginManage:310 - Check plugin lpbam
2023-07-18 10:19:34,734 [INFO] PluginManage:359 - Loaded plugin lpbam (category:base,tabindex:0)
2023-07-18 10:19:34,734 [INFO] PluginManage:310 - Check plugin memorymap
2023-07-18 10:19:34,840 [INFO] PluginManage:359 - Loaded plugin memorymap (category:base,tabindex:4)
2023-07-18 10:19:34,840 [INFO] PluginManage:310 - Check plugin pinoutandconfiguration
2023-07-18 10:19:35,123 [INFO] PluginManage:359 - Loaded plugin pinoutandconfiguration (category:base,tabindex:1)
2023-07-18 10:19:35,123 [INFO] PluginManage:310 - Check plugin pinoutconfig
2023-07-18 10:19:35,435 [WARN] SupportedApi:132 - Cannot load RTOS API schema: s4s-elt-must-match.1: The content of 'definitions' must match (annotation?, (simpleType | complexType)?, (unique | key | keyref)*)). A problem was found starting at: attribute.
2023-07-18 10:19:35,569 [INFO] PluginManage:359 - Loaded plugin pinoutconfig (category:base,tabindex:0)
2023-07-18 10:19:35,569 [INFO] PluginManage:310 - Check plugin power
2023-07-18 10:19:35,607 [INFO] PluginManage:359 - Loaded plugin power (category:power,tabindex:4)
2023-07-18 10:19:35,607 [INFO] PluginManage:310 - Check plugin projectmanager
2023-07-18 10:19:35,624 [INFO] PluginManage:359 - Loaded plugin projectmanager (category:projectmanager,tabindex:3)
2023-07-18 10:19:35,625 [INFO] PluginManage:310 - Check plugin thirdparty
2023-07-18 10:19:38,363 [INFO] PluginManage:359 - Loaded plugin thirdparty (category:base,tabindex:-1)
2023-07-18 10:19:38,363 [WARN] IntegrityCheckThread:84 - waiting for thirdparty lock release [integrity check]
2023-07-18 10:19:38,363 [INFO] PluginManage:310 - Check plugin tools
2023-07-18 10:19:38,363 [INFO] IntegrityCheckThread:86 - entering critical section [integrity check]
2023-07-18 10:19:38,363 [INFO] ThirdPartyUpdaterWithRetryManager:70 - Updater plugin not ready yet. [1/15]
2023-07-18 10:19:38,381 [INFO] PluginManage:359 - Loaded plugin tools (category:base,tabindex:7)
2023-07-18 10:19:38,381 [INFO] PluginManage:310 - Check plugin tutovideos
2023-07-18 10:19:38,621 [INFO] PluginManage:359 - Loaded plugin tutovideos (category:base,tabindex:-1)
2023-07-18 10:19:38,621 [INFO] PluginManage:310 - Check plugin updater
2023-07-18 10:19:38,630 [INFO] PluginManage:359 - Loaded plugin updater (category:base,tabindex:12)
2023-07-18 10:19:38,630 [INFO] PluginManage:310 - Check plugin userauth
2023-07-18 10:19:38,634 [INFO] UserAuth:113 - Init User Auth plugin
2023-07-18 10:19:38,635 [INFO] PluginManage:359 - Loaded plugin userauth (category:base,tabindex:14)
2023-07-18 10:19:38,635 [INFO] PluginManage:283 - PluginManage : Loaded plugins [17]
2023-07-18 10:19:38,854 [INFO] PinOutPanel:1499 - setPackage(No Configuration,No Configuration)
2023-07-18 10:19:38,954 [INFO] CADModel:165 - CPN selected for project level
2023-07-18 10:19:38,954 [INFO] CADModel:114 - Register for checkConnection events
2023-07-18 10:19:39,010 [INFO] IPUIPlugin:80 - create IPUIPlugin
2023-07-18 10:19:39,010 [INFO] PluginManager:220 - loadIPPluginJar : add adc
2023-07-18 10:19:39,027 [INFO] IPUIPlugin:80 - create IPUIPlugin
2023-07-18 10:19:39,027 [INFO] PluginManager:220 - loadIPPluginJar : add aes
2023-07-18 10:19:39,046 [INFO] IPUIPlugin:80 - create IPUIPlugin
2023-07-18 10:19:39,046 [INFO] PluginManager:220 - loadIPPluginJar : add can
2023-07-18 10:19:39,057 [INFO] IPUIPlugin:80 - create IPUIPlugin
2023-07-18 10:19:39,058 [INFO] PluginManager:220 - loadIPPluginJar : add comp
2023-07-18 10:19:39,074 [INFO] IPUIPlugin:80 - create IPUIPlugin
2023-07-18 10:19:39,074 [INFO] PluginManager:220 - loadIPPluginJar : add cryp
2023-07-18 10:19:39,090 [INFO] IPUIPlugin:80 - create IPUIPlugin
2023-07-18 10:19:39,090 [INFO] PluginManager:220 - loadIPPluginJar : add dfsdm
2023-07-18 10:19:39,131 [INFO] IPUIPlugin:80 - create IPUIPlugin
2023-07-18 10:19:39,131 [INFO] PluginManager:220 - loadIPPluginJar : add dma
2023-07-18 10:19:39,152 [INFO] IPUIPlugin:80 - create IPUIPlugin
2023-07-18 10:19:39,152 [INFO] PluginManager:220 - loadIPPluginJar : add dma3
2023-07-18 10:19:39,163 [INFO] IPUIPlugin:80 - create IPUIPlugin
2023-07-18 10:19:39,163 [INFO] PluginManager:220 - loadIPPluginJar : add fatfs
2023-07-18 10:19:39,183 [INFO] IPUIPlugin:80 - create IPUIPlugin
2023-07-18 10:19:39,183 [INFO] PluginManager:220 - loadIPPluginJar : add fmc
2023-07-18 10:19:39,411 [INFO] IPUIPlugin:80 - create IPUIPlugin
2023-07-18 10:19:39,411 [INFO] PluginManager:220 - loadIPPluginJar : add freertos
2023-07-18 10:19:39,422 [INFO] IPUIPlugin:80 - create IPUIPlugin
2023-07-18 10:19:39,422 [INFO] PluginManager:220 - loadIPPluginJar : add genericplugin
2023-07-18 10:19:39,457 [INFO] IPUIPlugin:80 - create IPUIPlugin
2023-07-18 10:19:39,457 [INFO] PluginManager:220 - loadIPPluginJar : add gfxmmu
2023-07-18 10:19:39,511 [INFO] IPUIPlugin:80 - create IPUIPlugin
2023-07-18 10:19:39,511 [INFO] PluginManager:220 - loadIPPluginJar : add gic
2023-07-18 10:19:39,606 [INFO] IPUIPlugin:80 - create IPUIPlugin
2023-07-18 10:19:39,606 [INFO] PluginManager:220 - loadIPPluginJar : add gpio
2023-07-18 10:19:39,642 [INFO] IPUIPlugin:80 - create IPUIPlugin
2023-07-18 10:19:39,642 [INFO] PluginManager:220 - loadIPPluginJar : add gtzc
2023-07-18 10:19:39,658 [INFO] IPUIPlugin:80 - create IPUIPlugin
2023-07-18 10:19:39,658 [INFO] PluginManager:220 - loadIPPluginJar : add hash
2023-07-18 10:19:39,681 [INFO] IPUIPlugin:80 - create IPUIPlugin
2023-07-18 10:19:39,681 [INFO] PluginManager:220 - loadIPPluginJar : add i2c
2023-07-18 10:19:39,699 [INFO] IPUIPlugin:80 - create IPUIPlugin
2023-07-18 10:19:39,699 [INFO] PluginManager:220 - loadIPPluginJar : add i2s
2023-07-18 10:19:39,719 [INFO] IPUIPlugin:80 - create IPUIPlugin
2023-07-18 10:19:39,719 [INFO] PluginManager:220 - loadIPPluginJar : add i3c
2023-07-18 10:19:39,753 [INFO] IPUIPlugin:80 - create IPUIPlugin
2023-07-18 10:19:39,753 [INFO] PluginManager:220 - loadIPPluginJar : add ipddr
2023-07-18 10:19:39,796 [INFO] IPUIPlugin:80 - create IPUIPlugin
2023-07-18 10:19:39,796 [INFO] PluginManager:220 - loadIPPluginJar : add linkedlist
2023-07-18 10:19:39,813 [INFO] IPUIPlugin:80 - create IPUIPlugin
2023-07-18 10:19:39,813 [INFO] PluginManager:220 - loadIPPluginJar : add lorawan
2023-07-18 10:19:39,830 [INFO] IPUIPlugin:80 - create IPUIPlugin
2023-07-18 10:19:39,830 [INFO] PluginManager:220 - loadIPPluginJar : add ltdc
2023-07-18 10:19:39,912 [INFO] IPUIPlugin:80 - create IPUIPlugin
2023-07-18 10:19:39,912 [INFO] PluginManager:220 - loadIPPluginJar : add mdma
2023-07-18 10:19:39,998 [INFO] IPUIPlugin:80 - create IPUIPlugin
2023-07-18 10:19:39,998 [INFO] PluginManager:220 - loadIPPluginJar : add nvic
2023-07-18 10:19:40,015 [INFO] IPUIPlugin:80 - create IPUIPlugin
2023-07-18 10:19:40,015 [INFO] PluginManager:220 - loadIPPluginJar : add opamp
2023-07-18 10:19:40,039 [INFO] IPUIPlugin:80 - create IPUIPlugin
2023-07-18 10:19:40,039 [INFO] PluginManager:220 - loadIPPluginJar : add openamp
2023-07-18 10:19:40,059 [INFO] IPUIPlugin:80 - create IPUIPlugin
2023-07-18 10:19:40,059 [INFO] PluginManager:220 - loadIPPluginJar : add pdm2pcm
2023-07-18 10:19:40,140 [INFO] IPUIPlugin:80 - create IPUIPlugin
2023-07-18 10:19:40,142 [INFO] PluginManager:220 - loadIPPluginJar : add plateformsettings
2023-07-18 10:19:40,154 [INFO] IPUIPlugin:80 - create IPUIPlugin
2023-07-18 10:19:40,154 [INFO] PluginManager:220 - loadIPPluginJar : add quadspi
2023-07-18 10:19:40,459 [INFO] IPUIPlugin:80 - create IPUIPlugin
2023-07-18 10:19:40,459 [INFO] PluginManager:220 - loadIPPluginJar : add resmgrutility
2023-07-18 10:19:40,478 [INFO] IPUIPlugin:80 - create IPUIPlugin
2023-07-18 10:19:40,478 [INFO] PluginManager:220 - loadIPPluginJar : add sai
2023-07-18 10:19:40,494 [INFO] IPUIPlugin:80 - create IPUIPlugin
2023-07-18 10:19:40,495 [INFO] PluginManager:220 - loadIPPluginJar : add spi
2023-07-18 10:19:40,517 [INFO] IPUIPlugin:80 - create IPUIPlugin
2023-07-18 10:19:40,518 [INFO] PluginManager:220 - loadIPPluginJar : add stm32_wpan
2023-07-18 10:19:40,530 [INFO] IPUIPlugin:80 - create IPUIPlugin
2023-07-18 10:19:40,530 [INFO] PluginManager:220 - loadIPPluginJar : add tim
2023-07-18 10:19:40,553 [INFO] IPUIPlugin:80 - create IPUIPlugin
2023-07-18 10:19:40,554 [INFO] PluginManager:220 - loadIPPluginJar : add touchsensing
2023-07-18 10:19:40,566 [INFO] IPUIPlugin:80 - create IPUIPlugin
2023-07-18 10:19:40,566 [INFO] PluginManager:220 - loadIPPluginJar : add tracer_emb
2023-07-18 10:19:40,578 [INFO] IPUIPlugin:80 - create IPUIPlugin
2023-07-18 10:19:40,578 [INFO] PluginManager:220 - loadIPPluginJar : add ts
2023-07-18 10:19:40,589 [INFO] IPUIPlugin:80 - create IPUIPlugin
2023-07-18 10:19:40,589 [INFO] PluginManager:220 - loadIPPluginJar : add tsc
2023-07-18 10:19:40,601 [INFO] IPUIPlugin:80 - create IPUIPlugin
2023-07-18 10:19:40,601 [INFO] PluginManager:220 - loadIPPluginJar : add ucpd
2023-07-18 10:19:40,621 [INFO] IPUIPlugin:80 - create IPUIPlugin
2023-07-18 10:19:40,621 [INFO] PluginManager:220 - loadIPPluginJar : add usart
2023-07-18 10:19:40,644 [INFO] IPUIPlugin:80 - create IPUIPlugin
2023-07-18 10:19:40,644 [INFO] PluginManager:220 - loadIPPluginJar : add usbx
2023-07-18 10:19:40,766 [INFO] CADModel:165 - CPN selected for project level
2023-07-18 10:19:40,766 [INFO] CADModel:114 - Register for checkConnection events
2023-07-18 10:19:40,766 [FATAL] Updater:308 - Updater called before beeing initialized
2023-07-18 10:19:40,766 [ERROR] CADModel:125 - Updater not yet initialized, retry later 
2023-07-18 10:19:40,922 [INFO] CADModel:165 - CPN selected for project level
2023-07-18 10:19:40,922 [INFO] CADModel:114 - Register for checkConnection events
2023-07-18 10:19:40,922 [FATAL] Updater:308 - Updater called before beeing initialized
2023-07-18 10:19:40,922 [ERROR] CADModel:125 - Updater not yet initialized, retry later 
2023-07-18 10:19:40,926 [FATAL] Updater:308 - Updater called before beeing initialized
2023-07-18 10:19:41,034 [FATAL] Updater:308 - Updater called before beeing initialized
2023-07-18 10:19:41,046 [INFO] DbMcusAds:53 - JSON generation date=Thu Sep 30 08:55:09 CEST 2021 (1632984909247)
2023-07-18 10:19:41,046 [FATAL] Updater:308 - Updater called before beeing initialized
2023-07-18 10:19:41,109 [WARN] DetailPanel:346 - Failed to get advertising image, set to default
2023-07-18 10:19:41,225 [FATAL] Updater:308 - Updater called before beeing initialized
2023-07-18 10:19:41,226 [FATAL] Updater:308 - Updater called before beeing initialized
2023-07-18 10:19:41,226 [FATAL] Updater:308 - Updater called before beeing initialized
2023-07-18 10:19:41,226 [WARN] DetailPanel:346 - Failed to get advertising image, set to default
2023-07-18 10:19:41,227 [FATAL] Updater:308 - Updater called before beeing initialized
2023-07-18 10:19:41,286 [ERROR] Updater:1120 - MainUpdater not yet initialized. External WinMGr cannot be set.
2023-07-18 10:19:41,292 [INFO] Updater:1056 - Updater Version found : 6.9.0
2023-07-18 10:19:41,310 [INFO] ApplicationProperties:184 - Using Application install path: C:\ST\STM32CubeIDE_1.11.0\STM32CubeIDE\plugins\com.st.stm32cube.common.mx_6.9.0.202307051724
2023-07-18 10:19:41,365 [INFO] ThirdPartyUpdaterWithRetryManager:70 - Updater plugin not ready yet. [2/15]
2023-07-18 10:19:41,869 [INFO] MainUpdater:2868 - connection check result : 10
2023-07-18 10:19:41,871 [INFO] MainUpdater:285 - Updater Check For Update Now.
2023-07-18 10:19:41,871 [INFO] MicroXplorer:498 - Change Database Version : DB.6.0.90
2023-07-18 10:19:41,903 [INFO] McuFinderGlobals:63 - Set McuFinder mode to 2 (CubeIDE integrated)
2023-07-18 10:19:41,903 [INFO] UserAuth:179 - activating auth plugin
2023-07-18 10:19:41,909 [INFO] UserAuth:393 - Internet connection configuration mode: 1
2023-07-18 10:19:41,936 [INFO] JxBrowserEngine:151 - Initiate JxBrowser Engine with user profile folder
2023-07-18 10:19:42,090 [INFO] CheckServerUpdateThread:120 - End of CheckServer Thread
2023-07-18 10:19:43,354 [INFO] WebApp:157 - Instantiating new browser for Auth
2023-07-18 10:19:43,945 [INFO] WebApp:753 - Register for checkConnection events
2023-07-18 10:19:43,945 [INFO] WebApp:390 - Apply proxy settings
2023-07-18 10:19:43,945 [INFO] WebApp:475 - Chromium requires no authentication
2023-07-18 10:19:43,952 [INFO] WebApp:418 - Direct internet connection detected
2023-07-18 10:19:44,090 [INFO] WebApp:188 - Starting web application
2023-07-18 10:19:44,091 [INFO] WebApp:520 - Web application path used C:\ST\STM32CubeIDE_1.11.0\STM32CubeIDE\plugins\com.st.stm32cube.common.mx_6.9.0.202307051724\db\plugins\mcufinder\reactClient1\index.html
2023-07-18 10:19:44,558 [WARN] PackLoader:240 - Cannot read IP mode file for STMicroelectronics.X-CUBE-SMBUS.2.1.0
2023-07-18 10:19:44,614 [WARN] PackLoader:240 - Cannot read IP mode file for STMicroelectronics.X-CUBE-AZRTOS-F7.1.1.0
2023-07-18 10:19:44,642 [WARN] PackLoader:240 - Cannot read IP mode file for STMicroelectronics.FP-SNS-MOTENV1.4.3.2
2023-07-18 10:19:44,657 [WARN] PackLoader:240 - Cannot read IP mode file for STMicroelectronics.FP-SNS-FLIGHT1.5.0.1
2023-07-18 10:19:44,676 [WARN] PackLoader:240 - Cannot read IP mode file for STMicroelectronics.X-CUBE-BLE1.6.2.4
2023-07-18 10:19:44,700 [WARN] PackLoader:240 - Cannot read IP mode file for STMicroelectronics.X-CUBE-DISPLAY.3.0.0
2023-07-18 10:19:44,721 [WARN] PackLoader:240 - Cannot read IP mode file for STMicroelectronics.X-CUBE-TOUCHGFX.4.22.0
2023-07-18 10:19:44,743 [INFO] LogOutputStream:77 - [STDOUT_REDIRECT] 1 : Invalid condition id : UX_CORESTACK_Condition cause : null
2023-07-18 10:19:44,744 [INFO] LogOutputStream:77 - [STDOUT_REDIRECT] 1 : Invalid condition id : UX_CORESTACK_Condition cause : null
2023-07-18 10:19:44,746 [INFO] LogOutputStream:77 - [STDOUT_REDIRECT] 1 : Invalid condition id : UX_CORESTACK_Condition cause : null
2023-07-18 10:19:44,747 [INFO] LogOutputStream:77 - [STDOUT_REDIRECT] 1 : Invalid condition id : UX_CORESTACK_Condition cause : null
2023-07-18 10:19:44,749 [INFO] LogOutputStream:77 - [STDOUT_REDIRECT] 1 : Invalid condition id : UX_CORESTACK_Condition cause : null
2023-07-18 10:19:44,754 [WARN] PackLoader:240 - Cannot read IP mode file for STMicroelectronics.X-CUBE-AZRTOS-WL.2.0.0
2023-07-18 10:19:44,774 [WARN] PackLoader:240 - Cannot read IP mode file for WES.I-CUBE-Cesium.1.3.0
2023-07-18 10:19:44,785 [WARN] PackLoader:240 - Cannot read IP mode file for STMicroelectronics.X-CUBE-BLE2.3.3.0
2023-07-18 10:19:44,798 [WARN] PackLoader:240 - Cannot read IP mode file for STMicroelectronics.X-CUBE-DISPLAY.2.2.0
2023-07-18 10:19:44,831 [WARN] PackLoader:240 - Cannot read IP mode file for STMicroelectronics.X-CUBE-TOF1.3.2.0
2023-07-18 10:19:44,851 [WARN] PackLoader:240 - Cannot read IP mode file for STMicroelectronics.X-CUBE-TOUCHGFX.4.21.0
2023-07-18 10:19:44,860 [WARN] PackLoader:240 - Cannot read IP mode file for STMicroelectronics.X-CUBE-TOUCHGFX.4.21.3
2023-07-18 10:19:44,965 [WARN] PackLoader:240 - Cannot read IP mode file for STMicroelectronics.X-CUBE-MEMS1.9.4.0
2023-07-18 10:19:45,234 [WARN] PackLoader:240 - Cannot read IP mode file for STMicroelectronics.X-CUBE-AI.7.3.0
2023-07-18 10:19:45,248 [WARN] PackLoader:240 - Cannot read IP mode file for STMicroelectronics.X-CUBE-ALGOBUILD.1.3.0
2023-07-18 10:19:45,278 [WARN] PackLoader:240 - Cannot read IP mode file for STMicroelectronics.X-CUBE-AZRTOS-G0.1.1.0
2023-07-18 10:19:45,290 [WARN] PackLoader:240 - Cannot read IP mode file for STMicroelectronics.X-CUBE-NFC4.3.0.0
2023-07-18 10:19:45,306 [WARN] PackLoader:240 - Cannot read IP mode file for STMicroelectronics.X-CUBE-BLEMGR.1.3.0
2023-07-18 10:19:45,319 [WARN] PackLoader:240 - Cannot read IP mode file for STMicroelectronics.FP-ATR-SIGFOX1.3.2.0
2023-07-18 10:19:45,362 [WARN] PackLoader:240 - Cannot read IP mode file for SEGGER.I-CUBE-embOS.1.3.1
2023-07-18 10:19:45,476 [WARN] PackLoader:240 - Cannot read IP mode file for SEGGER.I-CUBE-embOS.1.3.0
2023-07-18 10:19:45,571 [WARN] PackLoader:240 - Cannot read IP mode file for STMicroelectronics.X-CUBE-GNSS1.6.0.0
2023-07-18 10:19:45,611 [WARN] PackLoader:240 - Cannot read IP mode file for STMicroelectronics.X-CUBE-AZRTOS-F4.1.1.0
2023-07-18 10:19:45,685 [WARN] PackLoader:240 - Cannot read IP mode file for STMicroelectronics.X-CUBE-MEMS1.9.6.0
2023-07-18 10:19:45,846 [WARN] PackLoader:240 - Cannot read IP mode file for emotas.I-CUBE-CANOPEN.1.1.3
2023-07-18 10:19:45,862 [WARN] PackLoader:240 - Cannot read IP mode file for STMicroelectronics.X-CUBE-BLEMGR.2.0.0
2023-07-18 10:19:45,874 [WARN] PackLoader:240 - Cannot read IP mode file for STMicroelectronics.X-CUBE-NFC4.2.0.5
2023-07-18 10:19:45,906 [WARN] ConditionMgr:438 - getConditionDescription Invalid condition id : UX DEVICE CLASS RTOS Condition cause : null
2023-07-18 10:19:45,907 [WARN] ConditionMgr:438 - getConditionDescription Invalid condition id : UX DEVICE CLASS RTOS Condition cause : null
2023-07-18 10:19:45,911 [WARN] PackLoader:240 - Cannot read IP mode file for STMicroelectronics.X-CUBE-AZRTOS-H7.3.1.0
2023-07-18 10:19:45,912 [WARN] ConditionMgr:1039 - genDependencies : Invalid condition id : UX DEVICE CLASS RTOS Condition cause : null
2023-07-18 10:19:45,912 [WARN] ConditionMgr:1039 - genDependencies : Invalid condition id : UX DEVICE CLASS RTOS Condition cause : null
2023-07-18 10:19:45,913 [WARN] ConditionMgr:1039 - genDependencies : Invalid condition id : UX DEVICE CLASS RTOS Condition cause : null
2023-07-18 10:19:45,913 [WARN] ConditionMgr:1039 - genDependencies : Invalid condition id : UX DEVICE CLASS RTOS Condition cause : null
2023-07-18 10:19:45,913 [WARN] ConditionMgr:1039 - genDependencies : Invalid condition id : UX DEVICE CLASS RTOS Condition cause : null
2023-07-18 10:19:45,922 [WARN] PackLoader:240 - Cannot read IP mode file for wolfSSL.I-CUBE-wolfSSL.5.5.4
2023-07-18 10:19:45,930 [WARN] PackLoader:240 - Cannot read IP mode file for STMicroelectronics.X-CUBE-NFC7.1.0.1
2023-07-18 10:19:45,940 [WARN] PackLoader:240 - Cannot read IP mode file for STMicroelectronics.X-CUBE-NFC7.1.0.0
2023-07-18 10:19:45,952 [WARN] PackLoader:240 - Cannot read IP mode file for STMicroelectronics.X-CUBE-EEPRMA1.4.1.0
2023-07-18 10:19:45,982 [WARN] ConditionMgr:438 - getConditionDescription Invalid condition id : LAN8742 Phy interface Condition cause : null
2023-07-18 10:19:45,983 [WARN] PackLoader:240 - Cannot read IP mode file for STMicroelectronics.X-CUBE-AZRTOS-L4.2.0.0
2023-07-18 10:19:45,985 [WARN] ConditionMgr:1039 - genDependencies : Invalid condition id : LAN8742 Phy interface Condition cause : null
2023-07-18 10:19:45,985 [WARN] ConditionMgr:1039 - genDependencies : Invalid condition id : LAN8742 Phy interface Condition cause : null
2023-07-18 10:19:45,986 [WARN] ConditionMgr:1039 - genDependencies : Invalid condition id : LAN8742 Phy interface Condition cause : null
2023-07-18 10:19:45,997 [WARN] PackLoader:240 - Cannot read IP mode file for STMicroelectronics.X-CUBE-SFXS2LP1.4.0.0
2023-07-18 10:19:46,029 [WARN] PackLoader:240 - Cannot read IP mode file for STMicroelectronics.X-CUBE-AZRTOS-H7.3.0.0
2023-07-18 10:19:46,039 [WARN] PackLoader:240 - Cannot read IP mode file for STMicroelectronics.X-CUBE-ISPU.1.1.0
2023-07-18 10:19:46,052 [WARN] PackLoader:240 - Cannot read IP mode file for RoweBots.I-CUBE-UNISONRTOS.5.5.0-4
2023-07-18 10:19:46,060 [WARN] PackLoader:240 - Cannot read IP mode file for STMicroelectronics.X-CUBE-AI.8.0.0
2023-07-18 10:19:46,069 [WARN] PackLoader:240 - Cannot read IP mode file for STMicroelectronics.X-CUBE-FREERTOS.1.0.1
2023-07-18 10:19:46,092 [WARN] PackLoader:240 - Cannot read IP mode file for STMicroelectronics.X-CUBE-AZRTOS-L5.1.1.0
2023-07-18 10:19:46,100 [WARN] PackLoader:240 - Cannot read IP mode file for STMicroelectronics.X-CUBE-AI.8.0.1
2023-07-18 10:19:46,125 [WARN] PackLoader:240 - Cannot read IP mode file for STMicroelectronics.X-CUBE-SUBG2.5.0.0
2023-07-18 10:19:46,161 [WARN] PackLoader:240 - Cannot read IP mode file for STMicroelectronics.X-CUBE-AZRTOS-G4.2.0.0
2023-07-18 10:19:46,182 [WARN] PackLoader:240 - Cannot read IP mode file for STMicroelectronics.X-CUBE-TOF1.3.3.0
2023-07-18 10:19:46,201 [WARN] PackLoader:240 - Cannot read IP mode file for STMicroelectronics.FP-ATR-ASTRA1.1.1.1
2023-07-18 10:19:46,221 [WARN] PackLoader:240 - Cannot read IP mode file for STMicroelectronics.X-CUBE-AZRTOS-G4.1.0.0
2023-07-18 10:19:46,247 [WARN] PackLoader:240 - Cannot read IP mode file for STMicroelectronics.X-CUBE-AZRTOS-L4.1.0.0
2023-07-18 10:19:46,266 [WARN] PackLoader:240 - Cannot read IP mode file for STMicroelectronics.X-CUBE-AZRTOS-WL.1.0.0
2023-07-18 10:19:46,277 [WARN] PackLoader:240 - Cannot read IP mode file for portGmbH.I-Cube-SoM-uGOAL.1.1.0
2023-07-18 10:19:46,284 [WARN] PackLoader:240 - Cannot read IP mode file for STMicroelectronics.X-CUBE-ALS.1.0.1
2023-07-18 10:19:46,305 [WARN] PackLoader:240 - Cannot read IP mode file for STMicroelectronics.X-CUBE-AZRTOS-WB.1.1.0
2023-07-18 10:19:46,313 [WARN] PackLoader:240 - Cannot read IP mode file for STMicroelectronics.FP-ATR-ASTRA1.2.0.0
2023-07-18 10:19:46,314 [INFO] ThirdParty:978 - Integrity check success = true
2023-07-18 10:19:46,314 [INFO] IntegrityCheckThread:100 - exiting critical section [integrity check]
2023-07-18 10:19:46,314 [INFO] IntegrityCheckThread:103 - End integrity checks thread
2023-07-18 10:20:04,932 [ERROR] LogOutputStream:75 - [STDERR_REDIRECT] SLF4J: Failed to load class "org.slf4j.impl.StaticLoggerBinder".
2023-07-18 10:20:04,932 [ERROR] LogOutputStream:75 - [STDERR_REDIRECT] SLF4J: Defaulting to no-operation (NOP) logger implementation
2023-07-18 10:20:04,933 [ERROR] LogOutputStream:75 - [STDERR_REDIRECT] SLF4J: See http://www.slf4j.org/codes.html#StaticLoggerBinder for further details.
2023-07-18 10:21:09,363 [INFO] McuFinderGlobals:63 - Set McuFinder mode to 2 (CubeIDE integrated)
2023-07-18 10:21:09,363 [INFO] McuFinderGlobals:76 - Set McuFinderConnectedMode to true
2023-07-18 10:21:09,372 [INFO] MainUpdater:2868 - connection check result : 10
2023-07-18 10:21:09,383 [INFO] MenuBar:455 - Manual Refresh Data
2023-07-18 10:21:09,384 [INFO] FinderAction:100 - Refresh Data: download all database files
2023-07-18 10:21:09,839 [INFO] ServerAccessManage:473 - Download File mcusAds.json._tmp_
2023-07-18 10:21:09,951 [INFO] LoadUrlFilesThread:156 - End of LoadUrlFiles Thread
2023-07-18 10:21:10,278 [INFO] ServerAccessManage:473 - Download File cube-finder-db.zip
2023-07-18 10:21:15,282 [INFO] FileExtend:240 - Unzip File : cube-finder-db.zip
2023-07-18 10:21:15,282 [INFO] FileExtend:255 - Standard Zip Deflate
2023-07-18 10:21:15,946 [INFO] LoadUrlFilesThread:156 - End of LoadUrlFiles Thread
2023-07-18 10:21:16,333 [INFO] ServerAccessManage:473 - Download File crdb.zip
2023-07-18 10:21:16,743 [INFO] FileExtend:240 - Unzip File : crdb.zip
2023-07-18 10:21:16,743 [INFO] FileExtend:255 - Standard Zip Deflate
2023-07-18 10:21:16,872 [INFO] LoadUrlFilesThread:156 - End of LoadUrlFiles Thread
2023-07-18 10:21:17,011 [INFO] ServerAccessManage:473 - Download File tutoVideoDB.zip
2023-07-18 10:21:17,035 [INFO] FileExtend:240 - Unzip File : tutoVideoDB.zip
2023-07-18 10:21:17,035 [INFO] FileExtend:255 - Standard Zip Deflate
2023-07-18 10:21:17,142 [INFO] LoadUrlFilesThread:156 - End of LoadUrlFiles Thread
2023-07-18 10:21:17,144 [WARN] DbFile:41 - Overriding database path with different value: C:\Users\Ansel\.stmcufinder\plugins\mcufinder/ => C:\Users\Ansel\.stmcufinder\plugins\mcufinder
2023-07-18 10:21:17,276 [INFO] ServerAccessManage:473 - Download File api_config.json
2023-07-18 10:21:17,382 [INFO] LoadUrlFilesThread:156 - End of LoadUrlFiles Thread
2023-07-18 10:21:17,383 [INFO] DbMcusAds:53 - JSON generation date=Tue Mar 07 09:50:55 CET 2023 (1678179055114)
2023-07-18 10:21:17,407 [INFO] LoadUrlFilesThread:185 - End of LoadServerUrlFiles without Thread
2023-07-18 10:21:17,407 [INFO] FinderAction:110 - Refresh all data is successful
2023-07-18 10:22:22,675 [INFO] MainUpdater:2868 - connection check result : 10
2023-07-18 10:22:24,401 [ERROR] LogOutputStream:75 - [STDERR_REDIRECT] Jul 18, 2023 10:22:24 AM java.util.prefs.WindowsPreferences <init>
2023-07-18 10:22:24,403 [ERROR] LogOutputStream:75 - [STDERR_REDIRECT] WARNING: Could not open/create prefs root node Software\JavaSoft\Prefs at root 0xffffffff80000002. Windows RegCreateKeyEx(...) returned error code 5.
2023-07-18 10:22:24,404 [ERROR] LogOutputStream:75 - [STDERR_REDIRECT] 
2023-07-18 10:22:24,405 [ERROR] LogOutputStream:75 - [STDERR_REDIRECT] Jul 18, 2023 10:22:24 AM java.util.prefs.WindowsPreferences WindowsRegOpenKey1
2023-07-18 10:22:24,406 [ERROR] LogOutputStream:75 - [STDERR_REDIRECT] WARNING: Trying to recreate Windows registry node Software\JavaSoft\Prefs at root 0xffffffff80000002.
2023-07-18 10:22:24,406 [ERROR] LogOutputStream:75 - [STDERR_REDIRECT] 
2023-07-18 10:22:24,408 [ERROR] LogOutputStream:75 - [STDERR_REDIRECT] Jul 18, 2023 10:22:24 AM java.util.prefs.WindowsPreferences openKey
2023-07-18 10:22:24,409 [ERROR] LogOutputStream:75 - [STDERR_REDIRECT] WARNING: Could not open windows registry node Software\JavaSoft\Prefs at root 0xffffffff80000002. Windows RegOpenKey(...) returned error code 2.
2023-07-18 10:22:24,409 [ERROR] LogOutputStream:75 - [STDERR_REDIRECT] 
2023-07-18 10:22:24,411 [ERROR] LogOutputStream:75 - [STDERR_REDIRECT] Jul 18, 2023 10:22:24 AM java.util.prefs.WindowsPreferences WindowsRegOpenKey1
2023-07-18 10:22:24,412 [ERROR] LogOutputStream:75 - [STDERR_REDIRECT] WARNING: Trying to recreate Windows registry node Software\JavaSoft\Prefs at root 0xffffffff80000002.
2023-07-18 10:22:24,412 [ERROR] LogOutputStream:75 - [STDERR_REDIRECT] 
2023-07-18 10:22:24,413 [ERROR] LogOutputStream:75 - [STDERR_REDIRECT] Jul 18, 2023 10:22:24 AM java.util.prefs.WindowsPreferences openKey
2023-07-18 10:22:24,415 [ERROR] LogOutputStream:75 - [STDERR_REDIRECT] WARNING: Could not open windows registry node Software\JavaSoft\Prefs at root 0xffffffff80000002. Windows RegOpenKey(...) returned error code 2.
2023-07-18 10:22:24,415 [ERROR] LogOutputStream:75 - [STDERR_REDIRECT] 
2023-07-18 10:22:24,496 [INFO] CheckServerUpdateThread:120 - End of CheckServer Thread
2023-07-18 11:19:43,940 [ERROR] LogOutputStream:75 - [STDERR_REDIRECT] 
